
*** Running vivado
    with args -log project_1_xbar_5.vds -m64 -product Vivado -mode batch -messageDb vivado.pb -notrace -source project_1_xbar_5.tcl


****** Vivado v2020.1 (64-bit)
  **** SW Build 2902540 on Wed May 27 19:54:35 MDT 2020
  **** IP Build 2902112 on Wed May 27 22:43:36 MDT 2020
    ** Copyright 1986-2020 Xilinx, Inc. All Rights Reserved.

source project_1_xbar_5.tcl -notrace
INFO: [IP_Flow 19-234] Refreshing IP repositories
INFO: [IP_Flow 19-1700] Loaded user IP repository '/ryftone/chintan/darpa/vivado/hardware/gnuradio-zcu106-2020.1/ip'.
INFO: [IP_Flow 19-2313] Loaded Vivado IP repository '/ryftone/opt/Xilinx/Vivado/2020.1/data/ip'.
WARNING: [IP_Flow 19-1663] Duplicate IP found for 'xilinx.com:ip:vcu:1.0'. The one found in IP location '/ryftone/chintan/darpa/vivado/hardware/gnuradio-zcu106-2020.1/ip/vcu' will take precedence over the same IP in the Xilinx installed IP.
update_ip_catalog: Time (s): cpu = 00:00:03 ; elapsed = 00:00:07 . Memory (MB): peak = 2143.184 ; gain = 0.000 ; free physical = 7507 ; free virtual = 356832
Command: synth_design -top project_1_xbar_5 -part xczu7ev-ffvc1156-2-e -mode out_of_context
Starting synth_design
Attempting to get a license for feature 'Synthesis' and/or device 'xczu7ev'
INFO: [Common 17-349] Got license for feature 'Synthesis' and/or device 'xczu7ev'
INFO: [Device 21-403] Loading part xczu7ev-ffvc1156-2-e
INFO: [Synth 8-7079] Multithreading enabled for synth_design using a maximum of 4 processes.
INFO: [Synth 8-7078] Launching helper process for spawning children vivado processes
INFO: [Synth 8-7075] Helper process launched with PID 19259
---------------------------------------------------------------------------------
Starting RTL Elaboration : Time (s): cpu = 00:00:07 ; elapsed = 00:00:21 . Memory (MB): peak = 2714.633 ; gain = 10.746 ; free physical = 3905 ; free virtual = 353445
---------------------------------------------------------------------------------
INFO: [Synth 8-6157] synthesizing module 'project_1_xbar_5' [/ryftone/chintan/darpa/vivado/hardware/gnuradio-zcu106-2020.1/xilinx-zcu106-2020.1.srcs/sources_1/bd/project_1/ip/project_1_xbar_5/synth/project_1_xbar_5.v:59]
INFO: [Synth 8-6157] synthesizing module 'axi_crossbar_v2_1_22_axi_crossbar' [/ryftone/chintan/darpa/vivado/hardware/gnuradio-zcu106-2020.1/xilinx-zcu106-2020.1.srcs/sources_1/bd/project_1/ipshared/b68e/hdl/axi_crossbar_v2_1_vl_rfs.v:4884]
	Parameter C_FAMILY bound to: zynquplus - type: string 
	Parameter C_NUM_SLAVE_SLOTS bound to: 1 - type: integer 
	Parameter C_NUM_MASTER_SLOTS bound to: 4 - type: integer 
	Parameter C_AXI_ID_WIDTH bound to: 1 - type: integer 
	Parameter C_AXI_ADDR_WIDTH bound to: 40 - type: integer 
	Parameter C_AXI_DATA_WIDTH bound to: 32 - type: integer 
	Parameter C_AXI_PROTOCOL bound to: 2 - type: integer 
	Parameter C_NUM_ADDR_RANGES bound to: 1 - type: integer 
	Parameter C_M_AXI_BASE_ADDR bound to: 256'b0000000000000000000000000000000010100000000000000000000000000000000000000000000000000000000000001010000000000010000000000000000000000000000000000000000000000000101000000000000100000000000000000000000000000000000000000000000010100000000000110000000000000000 
	Parameter C_M_AXI_ADDR_WIDTH bound to: 128'b00000000000000000000000000010000000000000000000000000000000100000000000000000000000000000001000000000000000000000000000000010000 
	Parameter C_S_AXI_BASE_ID bound to: 0 - type: integer 
	Parameter C_S_AXI_THREAD_ID_WIDTH bound to: 16 - type: integer 
	Parameter C_AXI_SUPPORTS_USER_SIGNALS bound to: 0 - type: integer 
	Parameter C_AXI_AWUSER_WIDTH bound to: 1 - type: integer 
	Parameter C_AXI_ARUSER_WIDTH bound to: 1 - type: integer 
	Parameter C_AXI_WUSER_WIDTH bound to: 1 - type: integer 
	Parameter C_AXI_RUSER_WIDTH bound to: 1 - type: integer 
	Parameter C_AXI_BUSER_WIDTH bound to: 1 - type: integer 
	Parameter C_M_AXI_WRITE_CONNECTIVITY bound to: 128'b00000000000000000000000000000001000000000000000000000000000000010000000000000000000000000000000100000000000000000000000000000001 
	Parameter C_M_AXI_READ_CONNECTIVITY bound to: 128'b00000000000000000000000000000001000000000000000000000000000000010000000000000000000000000000000100000000000000000000000000000001 
	Parameter C_R_REGISTER bound to: 1 - type: integer 
	Parameter C_S_AXI_SINGLE_THREAD bound to: 1 - type: integer 
	Parameter C_S_AXI_WRITE_ACCEPTANCE bound to: 1 - type: integer 
	Parameter C_S_AXI_READ_ACCEPTANCE bound to: 1 - type: integer 
	Parameter C_M_AXI_WRITE_ISSUING bound to: 128'b00000000000000000000000000000001000000000000000000000000000000010000000000000000000000000000000100000000000000000000000000000001 
	Parameter C_M_AXI_READ_ISSUING bound to: 128'b00000000000000000000000000000001000000000000000000000000000000010000000000000000000000000000000100000000000000000000000000000001 
	Parameter C_S_AXI_ARB_PRIORITY bound to: 0 - type: integer 
	Parameter C_M_AXI_SECURE bound to: 128'b00000000000000000000000000000000000000000000000000000000000000000000000000000000000000000000000000000000000000000000000000000000 
	Parameter C_CONNECTIVITY_MODE bound to: 0 - type: integer 
	Parameter P_ONES bound to: 65'b11111111111111111111111111111111111111111111111111111111111111111 
	Parameter P_S_AXI_BASE_ID bound to: 64'b0000000000000000000000000000000000000000000000000000000000000000 
	Parameter P_S_AXI_HIGH_ID bound to: 64'b0000000000000000000000000000000000000000000000000000000000000001 
	Parameter P_AXI4 bound to: 0 - type: integer 
	Parameter P_AXI3 bound to: 1 - type: integer 
	Parameter P_AXILITE bound to: 2 - type: integer 
	Parameter P_AXILITE_SIZE bound to: 3'b010 
	Parameter P_INCR bound to: 2'b01 
	Parameter P_M_AXI_SUPPORTS_WRITE bound to: 4'b1111 
	Parameter P_M_AXI_SUPPORTS_READ bound to: 4'b1111 
	Parameter P_S_AXI_SUPPORTS_WRITE bound to: 1'b1 
	Parameter P_S_AXI_SUPPORTS_READ bound to: 1'b1 
	Parameter C_DEBUG bound to: 1 - type: integer 
	Parameter P_RANGE_CHECK bound to: 1 - type: integer 
	Parameter P_ADDR_DECODE bound to: 1 - type: integer 
	Parameter P_M_AXI_ERR_MODE bound to: 128'b00000000000000000000000000000000000000000000000000000000000000000000000000000000000000000000000000000000000000000000000000000000 
	Parameter P_LEN bound to: 8 - type: integer 
	Parameter P_LOCK bound to: 1 - type: integer 
	Parameter P_FAMILY bound to: rtl - type: string 
INFO: [Synth 8-6157] synthesizing module 'axi_crossbar_v2_1_22_crossbar_sasd' [/ryftone/chintan/darpa/vivado/hardware/gnuradio-zcu106-2020.1/xilinx-zcu106-2020.1.srcs/sources_1/bd/project_1/ipshared/b68e/hdl/axi_crossbar_v2_1_vl_rfs.v:1240]
	Parameter C_FAMILY bound to: rtl - type: string 
	Parameter C_NUM_SLAVE_SLOTS bound to: 1 - type: integer 
	Parameter C_NUM_MASTER_SLOTS bound to: 4 - type: integer 
	Parameter C_NUM_ADDR_RANGES bound to: 1 - type: integer 
	Parameter C_AXI_ID_WIDTH bound to: 1 - type: integer 
	Parameter C_AXI_ADDR_WIDTH bound to: 40 - type: integer 
	Parameter C_AXI_DATA_WIDTH bound to: 32 - type: integer 
	Parameter C_AXI_PROTOCOL bound to: 2 - type: integer 
	Parameter C_M_AXI_BASE_ADDR bound to: 256'b0000000000000000000000000000000010100000000000000000000000000000000000000000000000000000000000001010000000000010000000000000000000000000000000000000000000000000101000000000000100000000000000000000000000000000000000000000000010100000000000110000000000000000 
	Parameter C_M_AXI_HIGH_ADDR bound to: 256'b0000000000000000000000000000000010100000000000001111111111111111000000000000000000000000000000001010000000000010111111111111111100000000000000000000000000000000101000000000000111111111111111110000000000000000000000000000000010100000000000111111111111111111 
	Parameter C_S_AXI_BASE_ID bound to: 64'b0000000000000000000000000000000000000000000000000000000000000000 
	Parameter C_S_AXI_HIGH_ID bound to: 64'b0000000000000000000000000000000000000000000000000000000000000001 
	Parameter C_AXI_SUPPORTS_USER_SIGNALS bound to: 0 - type: integer 
	Parameter C_AXI_AWUSER_WIDTH bound to: 1 - type: integer 
	Parameter C_AXI_ARUSER_WIDTH bound to: 1 - type: integer 
	Parameter C_AXI_WUSER_WIDTH bound to: 1 - type: integer 
	Parameter C_AXI_RUSER_WIDTH bound to: 1 - type: integer 
	Parameter C_AXI_BUSER_WIDTH bound to: 1 - type: integer 
	Parameter C_S_AXI_SUPPORTS_WRITE bound to: 1'b1 
	Parameter C_S_AXI_SUPPORTS_READ bound to: 1'b1 
	Parameter C_M_AXI_SUPPORTS_WRITE bound to: 4'b1111 
	Parameter C_M_AXI_SUPPORTS_READ bound to: 4'b1111 
	Parameter C_S_AXI_ARB_PRIORITY bound to: 0 - type: integer 
	Parameter C_M_AXI_SECURE bound to: 128'b00000000000000000000000000000000000000000000000000000000000000000000000000000000000000000000000000000000000000000000000000000000 
	Parameter C_M_AXI_ERR_MODE bound to: 128'b00000000000000000000000000000000000000000000000000000000000000000000000000000000000000000000000000000000000000000000000000000000 
	Parameter C_R_REGISTER bound to: 1 - type: integer 
	Parameter C_RANGE_CHECK bound to: 1 - type: integer 
	Parameter C_ADDR_DECODE bound to: 1 - type: integer 
	Parameter C_DEBUG bound to: 1 - type: integer 
	Parameter P_AXI4 bound to: 0 - type: integer 
	Parameter P_AXI3 bound to: 1 - type: integer 
	Parameter P_AXILITE bound to: 2 - type: integer 
	Parameter P_NUM_MASTER_SLOTS_DE bound to: 5 - type: integer 
	Parameter P_NUM_MASTER_SLOTS_LOG bound to: 2 - type: integer 
	Parameter P_NUM_MASTER_SLOTS_DE_LOG bound to: 3 - type: integer 
	Parameter P_NUM_SLAVE_SLOTS_LOG bound to: 1 - type: integer 
	Parameter P_AXI_AUSER_WIDTH bound to: 1 - type: integer 
	Parameter P_AXI_WID_WIDTH bound to: 1 - type: integer 
	Parameter P_AMESG_WIDTH bound to: 72 - type: integer 
	Parameter P_BMESG_WIDTH bound to: 3 - type: integer 
	Parameter P_RMESG_WIDTH bound to: 36 - type: integer 
	Parameter P_WMESG_WIDTH bound to: 39 - type: integer 
	Parameter P_AXILITE_ERRMODE bound to: 1 - type: integer 
	Parameter P_NONSECURE_BIT bound to: 1 - type: integer 
	Parameter P_M_SECURE_MASK bound to: 4'b0000 
	Parameter P_M_AXILITE_MASK bound to: 4'b0000 
	Parameter P_FIXED bound to: 2'b00 
	Parameter P_BYPASS bound to: 0 - type: integer 
	Parameter P_LIGHTWT bound to: 7 - type: integer 
	Parameter P_FULLY_REG bound to: 1 - type: integer 
	Parameter P_R_REG_CONFIG bound to: 1 - type: integer 
	Parameter P_DECERR bound to: 2'b11 
INFO: [Synth 8-6157] synthesizing module 'axi_crossbar_v2_1_22_addr_decoder' [/ryftone/chintan/darpa/vivado/hardware/gnuradio-zcu106-2020.1/xilinx-zcu106-2020.1.srcs/sources_1/bd/project_1/ipshared/b68e/hdl/axi_crossbar_v2_1_vl_rfs.v:794]
	Parameter C_FAMILY bound to: rtl - type: string 
	Parameter C_NUM_TARGETS bound to: 4 - type: integer 
	Parameter C_NUM_TARGETS_LOG bound to: 2 - type: integer 
	Parameter C_NUM_RANGES bound to: 1 - type: integer 
	Parameter C_ADDR_WIDTH bound to: 40 - type: integer 
	Parameter C_TARGET_ENC bound to: 1 - type: integer 
	Parameter C_TARGET_HOT bound to: 1 - type: integer 
	Parameter C_REGION_ENC bound to: 1 - type: integer 
	Parameter C_BASE_ADDR bound to: 256'b0000000000000000000000000000000010100000000000000000000000000000000000000000000000000000000000001010000000000010000000000000000000000000000000000000000000000000101000000000000100000000000000000000000000000000000000000000000010100000000000110000000000000000 
	Parameter C_HIGH_ADDR bound to: 256'b0000000000000000000000000000000010100000000000001111111111111111000000000000000000000000000000001010000000000010111111111111111100000000000000000000000000000000101000000000000111111111111111110000000000000000000000000000000010100000000000111111111111111111 
	Parameter C_TARGET_QUAL bound to: 5'b01111 
	Parameter C_RESOLUTION bound to: 2 - type: integer 
	Parameter C_COMPARATOR_THRESHOLD bound to: 6 - type: integer 
INFO: [Synth 8-6157] synthesizing module 'generic_baseblocks_v2_1_0_comparator_static' [/ryftone/chintan/darpa/vivado/hardware/gnuradio-zcu106-2020.1/xilinx-zcu106-2020.1.srcs/sources_1/bd/project_1/ipshared/b752/hdl/generic_baseblocks_v2_1_vl_rfs.v:2133]
	Parameter C_FAMILY bound to: rtl - type: string 
	Parameter C_VALUE bound to: 38'b00000000101000000000001100000000000000 
	Parameter C_DATA_WIDTH bound to: 38 - type: integer 
	Parameter C_BITS_PER_LUT bound to: 6 - type: integer 
	Parameter C_NUM_LUT bound to: 7 - type: integer 
	Parameter C_FIX_DATA_WIDTH bound to: 42 - type: integer 
INFO: [Synth 8-6157] synthesizing module 'generic_baseblocks_v2_1_0_carry_and' [/ryftone/chintan/darpa/vivado/hardware/gnuradio-zcu106-2020.1/xilinx-zcu106-2020.1.srcs/sources_1/bd/project_1/ipshared/b752/hdl/generic_baseblocks_v2_1_vl_rfs.v:62]
	Parameter C_FAMILY bound to: rtl - type: string 
INFO: [Synth 8-6155] done synthesizing module 'generic_baseblocks_v2_1_0_carry_and' (1#1) [/ryftone/chintan/darpa/vivado/hardware/gnuradio-zcu106-2020.1/xilinx-zcu106-2020.1.srcs/sources_1/bd/project_1/ipshared/b752/hdl/generic_baseblocks_v2_1_vl_rfs.v:62]
INFO: [Synth 8-6155] done synthesizing module 'generic_baseblocks_v2_1_0_comparator_static' (2#1) [/ryftone/chintan/darpa/vivado/hardware/gnuradio-zcu106-2020.1/xilinx-zcu106-2020.1.srcs/sources_1/bd/project_1/ipshared/b752/hdl/generic_baseblocks_v2_1_vl_rfs.v:2133]
INFO: [Synth 8-6157] synthesizing module 'generic_baseblocks_v2_1_0_comparator_static__parameterized0' [/ryftone/chintan/darpa/vivado/hardware/gnuradio-zcu106-2020.1/xilinx-zcu106-2020.1.srcs/sources_1/bd/project_1/ipshared/b752/hdl/generic_baseblocks_v2_1_vl_rfs.v:2133]
	Parameter C_FAMILY bound to: rtl - type: string 
	Parameter C_VALUE bound to: 38'b00000000101000000000000100000000000000 
	Parameter C_DATA_WIDTH bound to: 38 - type: integer 
	Parameter C_BITS_PER_LUT bound to: 6 - type: integer 
	Parameter C_NUM_LUT bound to: 7 - type: integer 
	Parameter C_FIX_DATA_WIDTH bound to: 42 - type: integer 
INFO: [Synth 8-6155] done synthesizing module 'generic_baseblocks_v2_1_0_comparator_static__parameterized0' (2#1) [/ryftone/chintan/darpa/vivado/hardware/gnuradio-zcu106-2020.1/xilinx-zcu106-2020.1.srcs/sources_1/bd/project_1/ipshared/b752/hdl/generic_baseblocks_v2_1_vl_rfs.v:2133]
INFO: [Synth 8-6157] synthesizing module 'generic_baseblocks_v2_1_0_comparator_static__parameterized1' [/ryftone/chintan/darpa/vivado/hardware/gnuradio-zcu106-2020.1/xilinx-zcu106-2020.1.srcs/sources_1/bd/project_1/ipshared/b752/hdl/generic_baseblocks_v2_1_vl_rfs.v:2133]
	Parameter C_FAMILY bound to: rtl - type: string 
	Parameter C_VALUE bound to: 38'b00000000101000000000001000000000000000 
	Parameter C_DATA_WIDTH bound to: 38 - type: integer 
	Parameter C_BITS_PER_LUT bound to: 6 - type: integer 
	Parameter C_NUM_LUT bound to: 7 - type: integer 
	Parameter C_FIX_DATA_WIDTH bound to: 42 - type: integer 
INFO: [Synth 8-6155] done synthesizing module 'generic_baseblocks_v2_1_0_comparator_static__parameterized1' (2#1) [/ryftone/chintan/darpa/vivado/hardware/gnuradio-zcu106-2020.1/xilinx-zcu106-2020.1.srcs/sources_1/bd/project_1/ipshared/b752/hdl/generic_baseblocks_v2_1_vl_rfs.v:2133]
INFO: [Synth 8-6157] synthesizing module 'generic_baseblocks_v2_1_0_comparator_static__parameterized2' [/ryftone/chintan/darpa/vivado/hardware/gnuradio-zcu106-2020.1/xilinx-zcu106-2020.1.srcs/sources_1/bd/project_1/ipshared/b752/hdl/generic_baseblocks_v2_1_vl_rfs.v:2133]
	Parameter C_FAMILY bound to: rtl - type: string 
	Parameter C_VALUE bound to: 38'b00000000101000000000000000000000000000 
	Parameter C_DATA_WIDTH bound to: 38 - type: integer 
	Parameter C_BITS_PER_LUT bound to: 6 - type: integer 
	Parameter C_NUM_LUT bound to: 7 - type: integer 
	Parameter C_FIX_DATA_WIDTH bound to: 42 - type: integer 
INFO: [Synth 8-6155] done synthesizing module 'generic_baseblocks_v2_1_0_comparator_static__parameterized2' (2#1) [/ryftone/chintan/darpa/vivado/hardware/gnuradio-zcu106-2020.1/xilinx-zcu106-2020.1.srcs/sources_1/bd/project_1/ipshared/b752/hdl/generic_baseblocks_v2_1_vl_rfs.v:2133]
INFO: [Synth 8-6155] done synthesizing module 'axi_crossbar_v2_1_22_addr_decoder' (3#1) [/ryftone/chintan/darpa/vivado/hardware/gnuradio-zcu106-2020.1/xilinx-zcu106-2020.1.srcs/sources_1/bd/project_1/ipshared/b68e/hdl/axi_crossbar_v2_1_vl_rfs.v:794]
INFO: [Synth 8-6157] synthesizing module 'axi_crossbar_v2_1_22_decerr_slave' [/ryftone/chintan/darpa/vivado/hardware/gnuradio-zcu106-2020.1/xilinx-zcu106-2020.1.srcs/sources_1/bd/project_1/ipshared/b68e/hdl/axi_crossbar_v2_1_vl_rfs.v:3501]
	Parameter C_AXI_ID_WIDTH bound to: 1 - type: integer 
	Parameter C_AXI_DATA_WIDTH bound to: 32 - type: integer 
	Parameter C_AXI_BUSER_WIDTH bound to: 1 - type: integer 
	Parameter C_AXI_RUSER_WIDTH bound to: 1 - type: integer 
	Parameter C_AXI_PROTOCOL bound to: 2 - type: integer 
	Parameter C_RESP bound to: 3 - type: integer 
	Parameter P_WRITE_IDLE bound to: 2'b00 
	Parameter P_WRITE_DATA bound to: 2'b01 
	Parameter P_WRITE_RESP bound to: 2'b10 
	Parameter P_READ_IDLE bound to: 1'b0 
	Parameter P_READ_DATA bound to: 1'b1 
	Parameter P_AXI4 bound to: 0 - type: integer 
	Parameter P_AXI3 bound to: 1 - type: integer 
	Parameter P_AXILITE bound to: 2 - type: integer 
INFO: [Synth 8-6155] done synthesizing module 'axi_crossbar_v2_1_22_decerr_slave' (4#1) [/ryftone/chintan/darpa/vivado/hardware/gnuradio-zcu106-2020.1/xilinx-zcu106-2020.1.srcs/sources_1/bd/project_1/ipshared/b68e/hdl/axi_crossbar_v2_1_vl_rfs.v:3501]
INFO: [Synth 8-6157] synthesizing module 'axi_crossbar_v2_1_22_addr_arbiter_sasd' [/ryftone/chintan/darpa/vivado/hardware/gnuradio-zcu106-2020.1/xilinx-zcu106-2020.1.srcs/sources_1/bd/project_1/ipshared/b68e/hdl/axi_crossbar_v2_1_vl_rfs.v:65]
	Parameter C_FAMILY bound to: rtl - type: string 
	Parameter C_NUM_S bound to: 1 - type: integer 
	Parameter C_NUM_S_LOG bound to: 1 - type: integer 
	Parameter C_AMESG_WIDTH bound to: 72 - type: integer 
	Parameter C_GRANT_ENC bound to: 1 - type: integer 
	Parameter C_ARB_PRIORITY bound to: 0 - type: integer 
	Parameter P_PRIO_MASK bound to: 1'b0 
INFO: [Synth 8-6155] done synthesizing module 'axi_crossbar_v2_1_22_addr_arbiter_sasd' (5#1) [/ryftone/chintan/darpa/vivado/hardware/gnuradio-zcu106-2020.1/xilinx-zcu106-2020.1.srcs/sources_1/bd/project_1/ipshared/b68e/hdl/axi_crossbar_v2_1_vl_rfs.v:65]
INFO: [Synth 8-6157] synthesizing module 'axi_crossbar_v2_1_22_splitter' [/ryftone/chintan/darpa/vivado/hardware/gnuradio-zcu106-2020.1/xilinx-zcu106-2020.1.srcs/sources_1/bd/project_1/ipshared/b68e/hdl/axi_crossbar_v2_1_vl_rfs.v:4461]
	Parameter C_NUM_M bound to: 3 - type: integer 
INFO: [Synth 8-6155] done synthesizing module 'axi_crossbar_v2_1_22_splitter' (6#1) [/ryftone/chintan/darpa/vivado/hardware/gnuradio-zcu106-2020.1/xilinx-zcu106-2020.1.srcs/sources_1/bd/project_1/ipshared/b68e/hdl/axi_crossbar_v2_1_vl_rfs.v:4461]
INFO: [Synth 8-6157] synthesizing module 'axi_crossbar_v2_1_22_splitter__parameterized0' [/ryftone/chintan/darpa/vivado/hardware/gnuradio-zcu106-2020.1/xilinx-zcu106-2020.1.srcs/sources_1/bd/project_1/ipshared/b68e/hdl/axi_crossbar_v2_1_vl_rfs.v:4461]
	Parameter C_NUM_M bound to: 2 - type: integer 
INFO: [Synth 8-6155] done synthesizing module 'axi_crossbar_v2_1_22_splitter__parameterized0' (6#1) [/ryftone/chintan/darpa/vivado/hardware/gnuradio-zcu106-2020.1/xilinx-zcu106-2020.1.srcs/sources_1/bd/project_1/ipshared/b68e/hdl/axi_crossbar_v2_1_vl_rfs.v:4461]
INFO: [Synth 8-6157] synthesizing module 'generic_baseblocks_v2_1_0_mux_enc' [/ryftone/chintan/darpa/vivado/hardware/gnuradio-zcu106-2020.1/xilinx-zcu106-2020.1.srcs/sources_1/bd/project_1/ipshared/b752/hdl/generic_baseblocks_v2_1_vl_rfs.v:2452]
	Parameter C_FAMILY bound to: rtl - type: string 
	Parameter C_RATIO bound to: 5 - type: integer 
	Parameter C_SEL_WIDTH bound to: 3 - type: integer 
	Parameter C_DATA_WIDTH bound to: 1 - type: integer 
INFO: [Synth 8-6155] done synthesizing module 'generic_baseblocks_v2_1_0_mux_enc' (7#1) [/ryftone/chintan/darpa/vivado/hardware/gnuradio-zcu106-2020.1/xilinx-zcu106-2020.1.srcs/sources_1/bd/project_1/ipshared/b752/hdl/generic_baseblocks_v2_1_vl_rfs.v:2452]
INFO: [Synth 8-6157] synthesizing module 'generic_baseblocks_v2_1_0_mux_enc__parameterized0' [/ryftone/chintan/darpa/vivado/hardware/gnuradio-zcu106-2020.1/xilinx-zcu106-2020.1.srcs/sources_1/bd/project_1/ipshared/b752/hdl/generic_baseblocks_v2_1_vl_rfs.v:2452]
	Parameter C_FAMILY bound to: rtl - type: string 
	Parameter C_RATIO bound to: 1 - type: integer 
	Parameter C_SEL_WIDTH bound to: 1 - type: integer 
	Parameter C_DATA_WIDTH bound to: 1 - type: integer 
INFO: [Synth 8-6155] done synthesizing module 'generic_baseblocks_v2_1_0_mux_enc__parameterized0' (7#1) [/ryftone/chintan/darpa/vivado/hardware/gnuradio-zcu106-2020.1/xilinx-zcu106-2020.1.srcs/sources_1/bd/project_1/ipshared/b752/hdl/generic_baseblocks_v2_1_vl_rfs.v:2452]
INFO: [Synth 8-6157] synthesizing module 'generic_baseblocks_v2_1_0_mux_enc__parameterized1' [/ryftone/chintan/darpa/vivado/hardware/gnuradio-zcu106-2020.1/xilinx-zcu106-2020.1.srcs/sources_1/bd/project_1/ipshared/b752/hdl/generic_baseblocks_v2_1_vl_rfs.v:2452]
	Parameter C_FAMILY bound to: rtl - type: string 
	Parameter C_RATIO bound to: 5 - type: integer 
	Parameter C_SEL_WIDTH bound to: 3 - type: integer 
	Parameter C_DATA_WIDTH bound to: 36 - type: integer 
INFO: [Synth 8-6155] done synthesizing module 'generic_baseblocks_v2_1_0_mux_enc__parameterized1' (7#1) [/ryftone/chintan/darpa/vivado/hardware/gnuradio-zcu106-2020.1/xilinx-zcu106-2020.1.srcs/sources_1/bd/project_1/ipshared/b752/hdl/generic_baseblocks_v2_1_vl_rfs.v:2452]
INFO: [Synth 8-6157] synthesizing module 'axi_register_slice_v2_1_21_axic_register_slice' [/ryftone/chintan/darpa/vivado/hardware/gnuradio-zcu106-2020.1/xilinx-zcu106-2020.1.srcs/sources_1/bd/project_1/ipshared/2ef9/hdl/axi_register_slice_v2_1_vl_rfs.v:1498]
	Parameter C_FAMILY bound to: rtl - type: string 
	Parameter C_DATA_WIDTH bound to: 36 - type: integer 
	Parameter C_REG_CONFIG bound to: 1 - type: integer 
INFO: [Synth 8-6155] done synthesizing module 'axi_register_slice_v2_1_21_axic_register_slice' (8#1) [/ryftone/chintan/darpa/vivado/hardware/gnuradio-zcu106-2020.1/xilinx-zcu106-2020.1.srcs/sources_1/bd/project_1/ipshared/2ef9/hdl/axi_register_slice_v2_1_vl_rfs.v:1498]
INFO: [Synth 8-6157] synthesizing module 'generic_baseblocks_v2_1_0_mux_enc__parameterized2' [/ryftone/chintan/darpa/vivado/hardware/gnuradio-zcu106-2020.1/xilinx-zcu106-2020.1.srcs/sources_1/bd/project_1/ipshared/b752/hdl/generic_baseblocks_v2_1_vl_rfs.v:2452]
	Parameter C_FAMILY bound to: rtl - type: string 
	Parameter C_RATIO bound to: 5 - type: integer 
	Parameter C_SEL_WIDTH bound to: 3 - type: integer 
	Parameter C_DATA_WIDTH bound to: 3 - type: integer 
INFO: [Synth 8-6155] done synthesizing module 'generic_baseblocks_v2_1_0_mux_enc__parameterized2' (8#1) [/ryftone/chintan/darpa/vivado/hardware/gnuradio-zcu106-2020.1/xilinx-zcu106-2020.1.srcs/sources_1/bd/project_1/ipshared/b752/hdl/generic_baseblocks_v2_1_vl_rfs.v:2452]
INFO: [Synth 8-6155] done synthesizing module 'axi_crossbar_v2_1_22_crossbar_sasd' (9#1) [/ryftone/chintan/darpa/vivado/hardware/gnuradio-zcu106-2020.1/xilinx-zcu106-2020.1.srcs/sources_1/bd/project_1/ipshared/b68e/hdl/axi_crossbar_v2_1_vl_rfs.v:1240]
INFO: [Synth 8-6155] done synthesizing module 'axi_crossbar_v2_1_22_axi_crossbar' (10#1) [/ryftone/chintan/darpa/vivado/hardware/gnuradio-zcu106-2020.1/xilinx-zcu106-2020.1.srcs/sources_1/bd/project_1/ipshared/b68e/hdl/axi_crossbar_v2_1_vl_rfs.v:4884]
INFO: [Synth 8-6155] done synthesizing module 'project_1_xbar_5' (11#1) [/ryftone/chintan/darpa/vivado/hardware/gnuradio-zcu106-2020.1/xilinx-zcu106-2020.1.srcs/sources_1/bd/project_1/ip/project_1_xbar_5/synth/project_1_xbar_5.v:59]
---------------------------------------------------------------------------------
Finished RTL Elaboration : Time (s): cpu = 00:00:12 ; elapsed = 00:00:39 . Memory (MB): peak = 2852.508 ; gain = 148.621 ; free physical = 3652 ; free virtual = 353217
---------------------------------------------------------------------------------
---------------------------------------------------------------------------------
Start Handling Custom Attributes
---------------------------------------------------------------------------------
---------------------------------------------------------------------------------
Finished Handling Custom Attributes : Time (s): cpu = 00:00:13 ; elapsed = 00:00:40 . Memory (MB): peak = 2867.352 ; gain = 163.465 ; free physical = 3822 ; free virtual = 353388
---------------------------------------------------------------------------------
---------------------------------------------------------------------------------
Finished RTL Optimization Phase 1 : Time (s): cpu = 00:00:13 ; elapsed = 00:00:40 . Memory (MB): peak = 2867.352 ; gain = 163.465 ; free physical = 3822 ; free virtual = 353388
---------------------------------------------------------------------------------
Netlist sorting complete. Time (s): cpu = 00:00:00.01 ; elapsed = 00:00:00.01 . Memory (MB): peak = 2867.352 ; gain = 0.000 ; free physical = 3819 ; free virtual = 353385
INFO: [Project 1-570] Preparing netlist for logic optimization

Processing XDC Constraints
Initializing timing engine
Parsing XDC File [/ryftone/chintan/darpa/vivado/hardware/gnuradio-zcu106-2020.1/xilinx-zcu106-2020.1.srcs/sources_1/bd/project_1/ip/project_1_xbar_5/project_1_xbar_5_ooc.xdc] for cell 'inst'
Finished Parsing XDC File [/ryftone/chintan/darpa/vivado/hardware/gnuradio-zcu106-2020.1/xilinx-zcu106-2020.1.srcs/sources_1/bd/project_1/ip/project_1_xbar_5/project_1_xbar_5_ooc.xdc] for cell 'inst'
Parsing XDC File [/ryftone/chintan/darpa/vivado/hardware/gnuradio-zcu106-2020.1/xilinx-zcu106-2020.1.runs/project_1_xbar_5_synth_1/dont_touch.xdc]
Finished Parsing XDC File [/ryftone/chintan/darpa/vivado/hardware/gnuradio-zcu106-2020.1/xilinx-zcu106-2020.1.runs/project_1_xbar_5_synth_1/dont_touch.xdc]
Completed Processing XDC Constraints

Netlist sorting complete. Time (s): cpu = 00:00:00 ; elapsed = 00:00:00 . Memory (MB): peak = 3010.164 ; gain = 0.000 ; free physical = 3525 ; free virtual = 353104
INFO: [Project 1-111] Unisim Transformation Summary:
No Unisim elements were transformed.

Constraint Validation Runtime : Time (s): cpu = 00:00:00.05 ; elapsed = 00:00:00.04 . Memory (MB): peak = 3010.164 ; gain = 0.000 ; free physical = 3525 ; free virtual = 353103
---------------------------------------------------------------------------------
Finished Constraint Validation : Time (s): cpu = 00:00:23 ; elapsed = 00:00:56 . Memory (MB): peak = 3010.164 ; gain = 306.277 ; free physical = 3560 ; free virtual = 353145
---------------------------------------------------------------------------------
---------------------------------------------------------------------------------
Start Loading Part and Timing Information
---------------------------------------------------------------------------------
Loading part: xczu7ev-ffvc1156-2-e
INFO: [Synth 8-6742] Reading net delay rules and data
---------------------------------------------------------------------------------
Finished Loading Part and Timing Information : Time (s): cpu = 00:00:23 ; elapsed = 00:00:56 . Memory (MB): peak = 3010.164 ; gain = 306.277 ; free physical = 3560 ; free virtual = 353145
---------------------------------------------------------------------------------
---------------------------------------------------------------------------------
Start Applying 'set_property' XDC Constraints
---------------------------------------------------------------------------------
Applied set_property DONT_TOUCH = true for inst. (constraint file  /ryftone/chintan/darpa/vivado/hardware/gnuradio-zcu106-2020.1/xilinx-zcu106-2020.1.runs/project_1_xbar_5_synth_1/dont_touch.xdc, line 9).
---------------------------------------------------------------------------------
Finished applying 'set_property' XDC Constraints : Time (s): cpu = 00:00:23 ; elapsed = 00:00:56 . Memory (MB): peak = 3010.164 ; gain = 306.277 ; free physical = 3560 ; free virtual = 353144
---------------------------------------------------------------------------------
---------------------------------------------------------------------------------
Finished RTL Optimization Phase 2 : Time (s): cpu = 00:00:23 ; elapsed = 00:00:56 . Memory (MB): peak = 3010.164 ; gain = 306.277 ; free physical = 3532 ; free virtual = 353118
---------------------------------------------------------------------------------
---------------------------------------------------------------------------------
Start RTL Component Statistics 
---------------------------------------------------------------------------------
Detailed RTL Component Info : 
+---Registers : 
	               72 Bit    Registers := 1     
	               36 Bit    Registers := 2     
	                5 Bit    Registers := 1     
	                3 Bit    Registers := 2     
	                2 Bit    Registers := 2     
	                1 Bit    Registers := 14    
+---Muxes : 
	   2 Input   72 Bit        Muxes := 1     
	   2 Input   36 Bit        Muxes := 2     
	   2 Input    5 Bit        Muxes := 1     
	   2 Input    4 Bit        Muxes := 1     
	   2 Input    3 Bit        Muxes := 1     
	   2 Input    2 Bit        Muxes := 1     
	   2 Input    1 Bit        Muxes := 43    
---------------------------------------------------------------------------------
Finished RTL Component Statistics 
---------------------------------------------------------------------------------
---------------------------------------------------------------------------------
Start Part Resource Summary
---------------------------------------------------------------------------------
Part Resources:
DSPs: 1728 (col length:144)
BRAMs: 624 (col length: RAMB18 144 RAMB36 72)
---------------------------------------------------------------------------------
Finished Part Resource Summary
---------------------------------------------------------------------------------
---------------------------------------------------------------------------------
Start Cross Boundary and Area Optimization
---------------------------------------------------------------------------------
---------------------------------------------------------------------------------
Finished Cross Boundary and Area Optimization : Time (s): cpu = 00:00:24 ; elapsed = 00:00:58 . Memory (MB): peak = 3010.164 ; gain = 306.277 ; free physical = 3533 ; free virtual = 353124
---------------------------------------------------------------------------------
---------------------------------------------------------------------------------
Start Applying XDC Timing Constraints
---------------------------------------------------------------------------------
---------------------------------------------------------------------------------
Finished Applying XDC Timing Constraints : Time (s): cpu = 00:00:50 ; elapsed = 00:02:07 . Memory (MB): peak = 3359.836 ; gain = 655.949 ; free physical = 4090 ; free virtual = 353786
---------------------------------------------------------------------------------
---------------------------------------------------------------------------------
Start Timing Optimization
---------------------------------------------------------------------------------
---------------------------------------------------------------------------------
Finished Timing Optimization : Time (s): cpu = 00:00:51 ; elapsed = 00:02:08 . Memory (MB): peak = 3388.867 ; gain = 684.980 ; free physical = 4073 ; free virtual = 353769
---------------------------------------------------------------------------------
---------------------------------------------------------------------------------
Start Technology Mapping
---------------------------------------------------------------------------------
---------------------------------------------------------------------------------
Finished Technology Mapping : Time (s): cpu = 00:00:51 ; elapsed = 00:02:08 . Memory (MB): peak = 3404.883 ; gain = 700.996 ; free physical = 4067 ; free virtual = 353762
---------------------------------------------------------------------------------
---------------------------------------------------------------------------------
Start IO Insertion
---------------------------------------------------------------------------------
---------------------------------------------------------------------------------
Start Flattening Before IO Insertion
---------------------------------------------------------------------------------
---------------------------------------------------------------------------------
Finished Flattening Before IO Insertion
---------------------------------------------------------------------------------
---------------------------------------------------------------------------------
Start Final Netlist Cleanup
---------------------------------------------------------------------------------
---------------------------------------------------------------------------------
Finished Final Netlist Cleanup
---------------------------------------------------------------------------------
---------------------------------------------------------------------------------
Finished IO Insertion : Time (s): cpu = 00:00:54 ; elapsed = 00:02:11 . Memory (MB): peak = 3404.883 ; gain = 700.996 ; free physical = 4027 ; free virtual = 353726
---------------------------------------------------------------------------------
---------------------------------------------------------------------------------
Start Renaming Generated Instances
---------------------------------------------------------------------------------
---------------------------------------------------------------------------------
Finished Renaming Generated Instances : Time (s): cpu = 00:00:54 ; elapsed = 00:02:11 . Memory (MB): peak = 3404.883 ; gain = 700.996 ; free physical = 4027 ; free virtual = 353726
---------------------------------------------------------------------------------
---------------------------------------------------------------------------------
Start Rebuilding User Hierarchy
---------------------------------------------------------------------------------
---------------------------------------------------------------------------------
Finished Rebuilding User Hierarchy : Time (s): cpu = 00:00:54 ; elapsed = 00:02:11 . Memory (MB): peak = 3404.883 ; gain = 700.996 ; free physical = 4027 ; free virtual = 353726
---------------------------------------------------------------------------------
---------------------------------------------------------------------------------
Start Renaming Generated Ports
---------------------------------------------------------------------------------
---------------------------------------------------------------------------------
Finished Renaming Generated Ports : Time (s): cpu = 00:00:54 ; elapsed = 00:02:11 . Memory (MB): peak = 3404.883 ; gain = 700.996 ; free physical = 4027 ; free virtual = 353726
---------------------------------------------------------------------------------
---------------------------------------------------------------------------------
Start Handling Custom Attributes
---------------------------------------------------------------------------------
---------------------------------------------------------------------------------
Finished Handling Custom Attributes : Time (s): cpu = 00:00:54 ; elapsed = 00:02:11 . Memory (MB): peak = 3404.883 ; gain = 700.996 ; free physical = 4027 ; free virtual = 353726
---------------------------------------------------------------------------------
---------------------------------------------------------------------------------
Start Renaming Generated Nets
---------------------------------------------------------------------------------
---------------------------------------------------------------------------------
Finished Renaming Generated Nets : Time (s): cpu = 00:00:54 ; elapsed = 00:02:11 . Memory (MB): peak = 3404.883 ; gain = 700.996 ; free physical = 4027 ; free virtual = 353726
---------------------------------------------------------------------------------
---------------------------------------------------------------------------------
Start Writing Synthesis Report
---------------------------------------------------------------------------------

Report BlackBoxes: 
+-+--------------+----------+
| |BlackBox name |Instances |
+-+--------------+----------+
+-+--------------+----------+

Report Cell Usage: 
+------+-----+------+
|      |Cell |Count |
+------+-----+------+
|1     |LUT1 |     4|
|2     |LUT2 |    13|
|3     |LUT3 |     8|
|4     |LUT4 |    67|
|5     |LUT5 |    40|
|6     |LUT6 |    75|
|7     |FDRE |   141|
+------+-----+------+
---------------------------------------------------------------------------------
Finished Writing Synthesis Report : Time (s): cpu = 00:00:54 ; elapsed = 00:02:11 . Memory (MB): peak = 3404.883 ; gain = 700.996 ; free physical = 4027 ; free virtual = 353726
---------------------------------------------------------------------------------
Synthesis finished with 0 errors, 0 critical warnings and 0 warnings.
Synthesis Optimization Runtime : Time (s): cpu = 00:00:48 ; elapsed = 00:02:00 . Memory (MB): peak = 3404.883 ; gain = 558.184 ; free physical = 4066 ; free virtual = 353766
Synthesis Optimization Complete : Time (s): cpu = 00:00:54 ; elapsed = 00:02:11 . Memory (MB): peak = 3404.891 ; gain = 700.996 ; free physical = 4066 ; free virtual = 353766
INFO: [Project 1-571] Translating synthesized netlist
Netlist sorting complete. Time (s): cpu = 00:00:00.01 ; elapsed = 00:00:00.01 . Memory (MB): peak = 3412.883 ; gain = 0.000 ; free physical = 4133 ; free virtual = 353833
INFO: [Project 1-570] Preparing netlist for logic optimization
INFO: [Opt 31-138] Pushed 0 inverter(s) to 0 load pin(s).
Netlist sorting complete. Time (s): cpu = 00:00:00 ; elapsed = 00:00:00 . Memory (MB): peak = 3456.805 ; gain = 0.000 ; free physical = 4073 ; free virtual = 353774
INFO: [Project 1-111] Unisim Transformation Summary:
No Unisim elements were transformed.

INFO: [Common 17-83] Releasing license: Synthesis
52 Infos, 1 Warnings, 0 Critical Warnings and 0 Errors encountered.
synth_design completed successfully
synth_design: Time (s): cpu = 00:01:10 ; elapsed = 00:02:40 . Memory (MB): peak = 3456.805 ; gain = 1313.621 ; free physical = 4212 ; free virtual = 353913
INFO: [Common 17-1381] The checkpoint '/ryftone/chintan/darpa/vivado/hardware/gnuradio-zcu106-2020.1/xilinx-zcu106-2020.1.runs/project_1_xbar_5_synth_1/project_1_xbar_5.dcp' has been generated.
WARNING: [Common 17-576] 'use_project_ipc' is deprecated. This option is deprecated and no longer used.
INFO: [Coretcl 2-1648] Added synthesis output to IP cache for IP project_1_xbar_5, cache-ID = 98e28d87ecab2b53
INFO: [Coretcl 2-1174] Renamed 7 cell refs.
INFO: [Common 17-1381] The checkpoint '/ryftone/chintan/darpa/vivado/hardware/gnuradio-zcu106-2020.1/xilinx-zcu106-2020.1.runs/project_1_xbar_5_synth_1/project_1_xbar_5.dcp' has been generated.
INFO: [runtcl-4] Executing : report_utilization -file project_1_xbar_5_utilization_synth.rpt -pb project_1_xbar_5_utilization_synth.pb
INFO: [Common 17-206] Exiting Vivado at Mon Dec 21 11:38:05 2020...
