
*** Running vivado
    with args -log project_1_axi_gpio_0_0.vds -m64 -product Vivado -mode batch -messageDb vivado.pb -notrace -source project_1_axi_gpio_0_0.tcl


****** Vivado v2020.1 (64-bit)
  **** SW Build 2902540 on Wed May 27 19:54:35 MDT 2020
  **** IP Build 2902112 on Wed May 27 22:43:36 MDT 2020
    ** Copyright 1986-2020 Xilinx, Inc. All Rights Reserved.

source project_1_axi_gpio_0_0.tcl -notrace
INFO: [IP_Flow 19-234] Refreshing IP repositories
INFO: [IP_Flow 19-1700] Loaded user IP repository '/home/ryftuser/chintan/darpa/vivado_new/hardware/xilinx-zcu106-2020.1/ip'.
INFO: [IP_Flow 19-2313] Loaded Vivado IP repository '/ryftone/opt/Xilinx/Vivado/2020.1/data/ip'.
WARNING: [IP_Flow 19-1663] Duplicate IP found for 'xilinx.com:ip:vcu:1.0'. The one found in IP location '/home/ryftuser/chintan/darpa/vivado_new/hardware/xilinx-zcu106-2020.1/ip/vcu' will take precedence over the same IP in the Xilinx installed IP.
update_ip_catalog: Time (s): cpu = 00:00:02 ; elapsed = 00:00:06 . Memory (MB): peak = 2115.398 ; gain = 0.000 ; free physical = 55185 ; free virtual = 363601
Command: synth_design -top project_1_axi_gpio_0_0 -part xczu7ev-ffvc1156-2-e -mode out_of_context
Starting synth_design
Attempting to get a license for feature 'Synthesis' and/or device 'xczu7ev'
INFO: [Common 17-349] Got license for feature 'Synthesis' and/or device 'xczu7ev'
INFO: [Device 21-403] Loading part xczu7ev-ffvc1156-2-e
INFO: [Synth 8-7079] Multithreading enabled for synth_design using a maximum of 4 processes.
INFO: [Synth 8-7078] Launching helper process for spawning children vivado processes
INFO: [Synth 8-7075] Helper process launched with PID 35252
---------------------------------------------------------------------------------
Starting RTL Elaboration : Time (s): cpu = 00:00:03 ; elapsed = 00:00:05 . Memory (MB): peak = 2674.836 ; gain = 11.902 ; free physical = 54060 ; free virtual = 362476
---------------------------------------------------------------------------------
INFO: [Synth 8-638] synthesizing module 'project_1_axi_gpio_0_0' [/home/ryftuser/chintan/darpa/vivado_new/hardware/xilinx-zcu106-2020.1/xilinx-zcu106-2020.1.srcs/sources_1/bd/project_1/ip/project_1_axi_gpio_0_0/synth/project_1_axi_gpio_0_0.vhd:86]
	Parameter C_FAMILY bound to: zynquplus - type: string 
	Parameter C_S_AXI_ADDR_WIDTH bound to: 9 - type: integer 
	Parameter C_S_AXI_DATA_WIDTH bound to: 32 - type: integer 
	Parameter C_GPIO_WIDTH bound to: 32 - type: integer 
	Parameter C_GPIO2_WIDTH bound to: 32 - type: integer 
	Parameter C_ALL_INPUTS bound to: 0 - type: integer 
	Parameter C_ALL_INPUTS_2 bound to: 0 - type: integer 
	Parameter C_ALL_OUTPUTS bound to: 0 - type: integer 
	Parameter C_ALL_OUTPUTS_2 bound to: 0 - type: integer 
	Parameter C_INTERRUPT_PRESENT bound to: 0 - type: integer 
	Parameter C_DOUT_DEFAULT bound to: 32'b00000000000000000000000000000000 
	Parameter C_TRI_DEFAULT bound to: 32'b11111111111111111111111111111111 
	Parameter C_IS_DUAL bound to: 0 - type: integer 
	Parameter C_DOUT_DEFAULT_2 bound to: 32'b00000000000000000000000000000000 
	Parameter C_TRI_DEFAULT_2 bound to: 32'b11111111111111111111111111111111 
INFO: [Synth 8-3491] module 'axi_gpio' declared at '/home/ryftuser/chintan/darpa/vivado_new/hardware/xilinx-zcu106-2020.1/xilinx-zcu106-2020.1.srcs/sources_1/bd/project_1/ipshared/bb35/hdl/axi_gpio_v2_0_vh_rfs.vhd:1265' bound to instance 'U0' of component 'axi_gpio' [/home/ryftuser/chintan/darpa/vivado_new/hardware/xilinx-zcu106-2020.1/xilinx-zcu106-2020.1.srcs/sources_1/bd/project_1/ip/project_1_axi_gpio_0_0/synth/project_1_axi_gpio_0_0.vhd:172]
INFO: [Synth 8-638] synthesizing module 'axi_gpio' [/home/ryftuser/chintan/darpa/vivado_new/hardware/xilinx-zcu106-2020.1/xilinx-zcu106-2020.1.srcs/sources_1/bd/project_1/ipshared/bb35/hdl/axi_gpio_v2_0_vh_rfs.vhd:1351]
	Parameter C_FAMILY bound to: zynquplus - type: string 
	Parameter C_S_AXI_ADDR_WIDTH bound to: 9 - type: integer 
	Parameter C_S_AXI_DATA_WIDTH bound to: 32 - type: integer 
	Parameter C_GPIO_WIDTH bound to: 32 - type: integer 
	Parameter C_GPIO2_WIDTH bound to: 32 - type: integer 
	Parameter C_ALL_INPUTS bound to: 0 - type: integer 
	Parameter C_ALL_INPUTS_2 bound to: 0 - type: integer 
	Parameter C_ALL_OUTPUTS bound to: 0 - type: integer 
	Parameter C_ALL_OUTPUTS_2 bound to: 0 - type: integer 
	Parameter C_INTERRUPT_PRESENT bound to: 0 - type: integer 
	Parameter C_DOUT_DEFAULT bound to: 0 - type: integer 
	Parameter C_TRI_DEFAULT bound to: -1 - type: integer 
	Parameter C_IS_DUAL bound to: 0 - type: integer 
	Parameter C_DOUT_DEFAULT_2 bound to: 0 - type: integer 
	Parameter C_TRI_DEFAULT_2 bound to: -1 - type: integer 
INFO: [Synth 8-638] synthesizing module 'axi_lite_ipif' [/home/ryftuser/chintan/darpa/vivado_new/hardware/xilinx-zcu106-2020.1/xilinx-zcu106-2020.1.srcs/sources_1/bd/project_1/ipshared/66ea/hdl/axi_lite_ipif_v3_0_vh_rfs.vhd:2948]
	Parameter C_S_AXI_DATA_WIDTH bound to: 32 - type: integer 
	Parameter C_S_AXI_ADDR_WIDTH bound to: 9 - type: integer 
	Parameter C_S_AXI_MIN_SIZE bound to: 32'b00000000000000000000000111111111 
	Parameter C_USE_WSTRB bound to: 0 - type: integer 
	Parameter C_DPHASE_TIMEOUT bound to: 8 - type: integer 
	Parameter C_ARD_ADDR_RANGE_ARRAY bound to: 128'b00000000000000000000000000000000000000000000000000000000000000000000000000000000000000000000000000000000000000000000000000001111 
	Parameter C_ARD_NUM_CE_ARRAY bound to: 32'b00000000000000000000000000000100 
	Parameter C_FAMILY bound to: zynquplus - type: string 
INFO: [Synth 8-638] synthesizing module 'slave_attachment' [/home/ryftuser/chintan/darpa/vivado_new/hardware/xilinx-zcu106-2020.1/xilinx-zcu106-2020.1.srcs/sources_1/bd/project_1/ipshared/66ea/hdl/axi_lite_ipif_v3_0_vh_rfs.vhd:2341]
	Parameter C_ARD_ADDR_RANGE_ARRAY bound to: 128'b00000000000000000000000000000000000000000000000000000000000000000000000000000000000000000000000000000000000000000000000000001111 
	Parameter C_ARD_NUM_CE_ARRAY bound to: 32'b00000000000000000000000000000100 
	Parameter C_IPIF_ABUS_WIDTH bound to: 9 - type: integer 
	Parameter C_IPIF_DBUS_WIDTH bound to: 32 - type: integer 
	Parameter C_S_AXI_MIN_SIZE bound to: 511 - type: integer 
	Parameter C_USE_WSTRB bound to: 0 - type: integer 
	Parameter C_DPHASE_TIMEOUT bound to: 8 - type: integer 
	Parameter C_FAMILY bound to: zynquplus - type: string 
INFO: [Synth 8-638] synthesizing module 'address_decoder' [/home/ryftuser/chintan/darpa/vivado_new/hardware/xilinx-zcu106-2020.1/xilinx-zcu106-2020.1.srcs/sources_1/bd/project_1/ipshared/66ea/hdl/axi_lite_ipif_v3_0_vh_rfs.vhd:1775]
	Parameter C_BUS_AWIDTH bound to: 9 - type: integer 
	Parameter C_S_AXI_MIN_SIZE bound to: 511 - type: integer 
	Parameter C_ARD_ADDR_RANGE_ARRAY bound to: 128'b00000000000000000000000000000000000000000000000000000000000000000000000000000000000000000000000000000000000000000000000000001111 
	Parameter C_ARD_NUM_CE_ARRAY bound to: 32'b00000000000000000000000000000100 
	Parameter C_FAMILY bound to: nofamily - type: string 
INFO: [Synth 8-638] synthesizing module 'pselect_f' [/home/ryftuser/chintan/darpa/vivado_new/hardware/xilinx-zcu106-2020.1/xilinx-zcu106-2020.1.srcs/sources_1/bd/project_1/ipshared/66ea/hdl/axi_lite_ipif_v3_0_vh_rfs.vhd:1534]
	Parameter C_AB bound to: 2 - type: integer 
	Parameter C_AW bound to: 2 - type: integer 
	Parameter C_BAR bound to: 2'b00 
	Parameter C_FAMILY bound to: nofamily - type: string 
INFO: [Synth 8-256] done synthesizing module 'pselect_f' (1#1) [/home/ryftuser/chintan/darpa/vivado_new/hardware/xilinx-zcu106-2020.1/xilinx-zcu106-2020.1.srcs/sources_1/bd/project_1/ipshared/66ea/hdl/axi_lite_ipif_v3_0_vh_rfs.vhd:1534]
INFO: [Synth 8-638] synthesizing module 'pselect_f__parameterized0' [/home/ryftuser/chintan/darpa/vivado_new/hardware/xilinx-zcu106-2020.1/xilinx-zcu106-2020.1.srcs/sources_1/bd/project_1/ipshared/66ea/hdl/axi_lite_ipif_v3_0_vh_rfs.vhd:1534]
	Parameter C_AB bound to: 2 - type: integer 
	Parameter C_AW bound to: 2 - type: integer 
	Parameter C_BAR bound to: 2'b01 
	Parameter C_FAMILY bound to: nofamily - type: string 
INFO: [Synth 8-256] done synthesizing module 'pselect_f__parameterized0' (1#1) [/home/ryftuser/chintan/darpa/vivado_new/hardware/xilinx-zcu106-2020.1/xilinx-zcu106-2020.1.srcs/sources_1/bd/project_1/ipshared/66ea/hdl/axi_lite_ipif_v3_0_vh_rfs.vhd:1534]
INFO: [Synth 8-638] synthesizing module 'pselect_f__parameterized1' [/home/ryftuser/chintan/darpa/vivado_new/hardware/xilinx-zcu106-2020.1/xilinx-zcu106-2020.1.srcs/sources_1/bd/project_1/ipshared/66ea/hdl/axi_lite_ipif_v3_0_vh_rfs.vhd:1534]
	Parameter C_AB bound to: 2 - type: integer 
	Parameter C_AW bound to: 2 - type: integer 
	Parameter C_BAR bound to: 2'b10 
	Parameter C_FAMILY bound to: nofamily - type: string 
INFO: [Synth 8-256] done synthesizing module 'pselect_f__parameterized1' (1#1) [/home/ryftuser/chintan/darpa/vivado_new/hardware/xilinx-zcu106-2020.1/xilinx-zcu106-2020.1.srcs/sources_1/bd/project_1/ipshared/66ea/hdl/axi_lite_ipif_v3_0_vh_rfs.vhd:1534]
INFO: [Synth 8-638] synthesizing module 'pselect_f__parameterized2' [/home/ryftuser/chintan/darpa/vivado_new/hardware/xilinx-zcu106-2020.1/xilinx-zcu106-2020.1.srcs/sources_1/bd/project_1/ipshared/66ea/hdl/axi_lite_ipif_v3_0_vh_rfs.vhd:1534]
	Parameter C_AB bound to: 2 - type: integer 
	Parameter C_AW bound to: 2 - type: integer 
	Parameter C_BAR bound to: 2'b11 
	Parameter C_FAMILY bound to: nofamily - type: string 
INFO: [Synth 8-256] done synthesizing module 'pselect_f__parameterized2' (1#1) [/home/ryftuser/chintan/darpa/vivado_new/hardware/xilinx-zcu106-2020.1/xilinx-zcu106-2020.1.srcs/sources_1/bd/project_1/ipshared/66ea/hdl/axi_lite_ipif_v3_0_vh_rfs.vhd:1534]
INFO: [Synth 8-256] done synthesizing module 'address_decoder' (2#1) [/home/ryftuser/chintan/darpa/vivado_new/hardware/xilinx-zcu106-2020.1/xilinx-zcu106-2020.1.srcs/sources_1/bd/project_1/ipshared/66ea/hdl/axi_lite_ipif_v3_0_vh_rfs.vhd:1775]
INFO: [Synth 8-226] default block is never used [/home/ryftuser/chintan/darpa/vivado_new/hardware/xilinx-zcu106-2020.1/xilinx-zcu106-2020.1.srcs/sources_1/bd/project_1/ipshared/66ea/hdl/axi_lite_ipif_v3_0_vh_rfs.vhd:2550]
INFO: [Synth 8-256] done synthesizing module 'slave_attachment' (3#1) [/home/ryftuser/chintan/darpa/vivado_new/hardware/xilinx-zcu106-2020.1/xilinx-zcu106-2020.1.srcs/sources_1/bd/project_1/ipshared/66ea/hdl/axi_lite_ipif_v3_0_vh_rfs.vhd:2341]
INFO: [Synth 8-256] done synthesizing module 'axi_lite_ipif' (4#1) [/home/ryftuser/chintan/darpa/vivado_new/hardware/xilinx-zcu106-2020.1/xilinx-zcu106-2020.1.srcs/sources_1/bd/project_1/ipshared/66ea/hdl/axi_lite_ipif_v3_0_vh_rfs.vhd:2948]
INFO: [Synth 8-638] synthesizing module 'GPIO_Core' [/home/ryftuser/chintan/darpa/vivado_new/hardware/xilinx-zcu106-2020.1/xilinx-zcu106-2020.1.srcs/sources_1/bd/project_1/ipshared/bb35/hdl/axi_gpio_v2_0_vh_rfs.vhd:178]
	Parameter C_DW bound to: 32 - type: integer 
	Parameter C_AW bound to: 9 - type: integer 
	Parameter C_GPIO_WIDTH bound to: 32 - type: integer 
	Parameter C_GPIO2_WIDTH bound to: 32 - type: integer 
	Parameter C_MAX_GPIO_WIDTH bound to: 32 - type: integer 
	Parameter C_INTERRUPT_PRESENT bound to: 0 - type: integer 
	Parameter C_DOUT_DEFAULT bound to: 0 - type: integer 
	Parameter C_TRI_DEFAULT bound to: -1 - type: integer 
	Parameter C_IS_DUAL bound to: 0 - type: integer 
	Parameter C_ALL_OUTPUTS bound to: 0 - type: integer 
	Parameter C_ALL_OUTPUTS_2 bound to: 0 - type: integer 
	Parameter C_ALL_INPUTS bound to: 0 - type: integer 
	Parameter C_ALL_INPUTS_2 bound to: 0 - type: integer 
	Parameter C_DOUT_DEFAULT_2 bound to: 0 - type: integer 
	Parameter C_TRI_DEFAULT_2 bound to: -1 - type: integer 
	Parameter C_FAMILY bound to: zynquplus - type: string 
INFO: [Synth 8-226] default block is never used [/home/ryftuser/chintan/darpa/vivado_new/hardware/xilinx-zcu106-2020.1/xilinx-zcu106-2020.1.srcs/sources_1/bd/project_1/ipshared/bb35/hdl/axi_gpio_v2_0_vh_rfs.vhd:443]
INFO: [Synth 8-638] synthesizing module 'cdc_sync' [/home/ryftuser/chintan/darpa/vivado_new/hardware/xilinx-zcu106-2020.1/xilinx-zcu106-2020.1.srcs/sources_1/bd/project_1/ipshared/ef1e/hdl/lib_cdc_v1_0_rfs.vhd:106]
	Parameter C_CDC_TYPE bound to: 1 - type: integer 
	Parameter C_RESET_STATE bound to: 0 - type: integer 
	Parameter C_SINGLE_BIT bound to: 0 - type: integer 
	Parameter C_FLOP_INPUT bound to: 0 - type: integer 
	Parameter C_VECTOR_WIDTH bound to: 32 - type: integer 
	Parameter C_MTBF_STAGES bound to: 4 - type: integer 
	Parameter INIT bound to: 1'b0 
INFO: [Synth 8-113] binding component instance 'CROSS2_PLEVEL_IN2SCNDRY_IN_cdc_to' to cell 'FDR' [/home/ryftuser/chintan/darpa/vivado_new/hardware/xilinx-zcu106-2020.1/xilinx-zcu106-2020.1.srcs/sources_1/bd/project_1/ipshared/ef1e/hdl/lib_cdc_v1_0_rfs.vhd:736]
	Parameter INIT bound to: 1'b0 
INFO: [Synth 8-113] binding component instance 'CROSS2_PLEVEL_IN2SCNDRY_IN_cdc_to' to cell 'FDR' [/home/ryftuser/chintan/darpa/vivado_new/hardware/xilinx-zcu106-2020.1/xilinx-zcu106-2020.1.srcs/sources_1/bd/project_1/ipshared/ef1e/hdl/lib_cdc_v1_0_rfs.vhd:736]
	Parameter INIT bound to: 1'b0 
INFO: [Synth 8-113] binding component instance 'CROSS2_PLEVEL_IN2SCNDRY_IN_cdc_to' to cell 'FDR' [/home/ryftuser/chintan/darpa/vivado_new/hardware/xilinx-zcu106-2020.1/xilinx-zcu106-2020.1.srcs/sources_1/bd/project_1/ipshared/ef1e/hdl/lib_cdc_v1_0_rfs.vhd:736]
	Parameter INIT bound to: 1'b0 
INFO: [Synth 8-113] binding component instance 'CROSS2_PLEVEL_IN2SCNDRY_IN_cdc_to' to cell 'FDR' [/home/ryftuser/chintan/darpa/vivado_new/hardware/xilinx-zcu106-2020.1/xilinx-zcu106-2020.1.srcs/sources_1/bd/project_1/ipshared/ef1e/hdl/lib_cdc_v1_0_rfs.vhd:736]
	Parameter INIT bound to: 1'b0 
INFO: [Synth 8-113] binding component instance 'CROSS2_PLEVEL_IN2SCNDRY_IN_cdc_to' to cell 'FDR' [/home/ryftuser/chintan/darpa/vivado_new/hardware/xilinx-zcu106-2020.1/xilinx-zcu106-2020.1.srcs/sources_1/bd/project_1/ipshared/ef1e/hdl/lib_cdc_v1_0_rfs.vhd:736]
	Parameter INIT bound to: 1'b0 
INFO: [Synth 8-113] binding component instance 'CROSS2_PLEVEL_IN2SCNDRY_IN_cdc_to' to cell 'FDR' [/home/ryftuser/chintan/darpa/vivado_new/hardware/xilinx-zcu106-2020.1/xilinx-zcu106-2020.1.srcs/sources_1/bd/project_1/ipshared/ef1e/hdl/lib_cdc_v1_0_rfs.vhd:736]
	Parameter INIT bound to: 1'b0 
INFO: [Synth 8-113] binding component instance 'CROSS2_PLEVEL_IN2SCNDRY_IN_cdc_to' to cell 'FDR' [/home/ryftuser/chintan/darpa/vivado_new/hardware/xilinx-zcu106-2020.1/xilinx-zcu106-2020.1.srcs/sources_1/bd/project_1/ipshared/ef1e/hdl/lib_cdc_v1_0_rfs.vhd:736]
	Parameter INIT bound to: 1'b0 
INFO: [Synth 8-113] binding component instance 'CROSS2_PLEVEL_IN2SCNDRY_IN_cdc_to' to cell 'FDR' [/home/ryftuser/chintan/darpa/vivado_new/hardware/xilinx-zcu106-2020.1/xilinx-zcu106-2020.1.srcs/sources_1/bd/project_1/ipshared/ef1e/hdl/lib_cdc_v1_0_rfs.vhd:736]
	Parameter INIT bound to: 1'b0 
INFO: [Synth 8-113] binding component instance 'CROSS2_PLEVEL_IN2SCNDRY_IN_cdc_to' to cell 'FDR' [/home/ryftuser/chintan/darpa/vivado_new/hardware/xilinx-zcu106-2020.1/xilinx-zcu106-2020.1.srcs/sources_1/bd/project_1/ipshared/ef1e/hdl/lib_cdc_v1_0_rfs.vhd:736]
	Parameter INIT bound to: 1'b0 
INFO: [Synth 8-113] binding component instance 'CROSS2_PLEVEL_IN2SCNDRY_IN_cdc_to' to cell 'FDR' [/home/ryftuser/chintan/darpa/vivado_new/hardware/xilinx-zcu106-2020.1/xilinx-zcu106-2020.1.srcs/sources_1/bd/project_1/ipshared/ef1e/hdl/lib_cdc_v1_0_rfs.vhd:736]
	Parameter INIT bound to: 1'b0 
INFO: [Synth 8-113] binding component instance 'CROSS2_PLEVEL_IN2SCNDRY_IN_cdc_to' to cell 'FDR' [/home/ryftuser/chintan/darpa/vivado_new/hardware/xilinx-zcu106-2020.1/xilinx-zcu106-2020.1.srcs/sources_1/bd/project_1/ipshared/ef1e/hdl/lib_cdc_v1_0_rfs.vhd:736]
	Parameter INIT bound to: 1'b0 
INFO: [Synth 8-113] binding component instance 'CROSS2_PLEVEL_IN2SCNDRY_IN_cdc_to' to cell 'FDR' [/home/ryftuser/chintan/darpa/vivado_new/hardware/xilinx-zcu106-2020.1/xilinx-zcu106-2020.1.srcs/sources_1/bd/project_1/ipshared/ef1e/hdl/lib_cdc_v1_0_rfs.vhd:736]
	Parameter INIT bound to: 1'b0 
INFO: [Synth 8-113] binding component instance 'CROSS2_PLEVEL_IN2SCNDRY_IN_cdc_to' to cell 'FDR' [/home/ryftuser/chintan/darpa/vivado_new/hardware/xilinx-zcu106-2020.1/xilinx-zcu106-2020.1.srcs/sources_1/bd/project_1/ipshared/ef1e/hdl/lib_cdc_v1_0_rfs.vhd:736]
	Parameter INIT bound to: 1'b0 
INFO: [Synth 8-113] binding component instance 'CROSS2_PLEVEL_IN2SCNDRY_IN_cdc_to' to cell 'FDR' [/home/ryftuser/chintan/darpa/vivado_new/hardware/xilinx-zcu106-2020.1/xilinx-zcu106-2020.1.srcs/sources_1/bd/project_1/ipshared/ef1e/hdl/lib_cdc_v1_0_rfs.vhd:736]
	Parameter INIT bound to: 1'b0 
INFO: [Synth 8-113] binding component instance 'CROSS2_PLEVEL_IN2SCNDRY_IN_cdc_to' to cell 'FDR' [/home/ryftuser/chintan/darpa/vivado_new/hardware/xilinx-zcu106-2020.1/xilinx-zcu106-2020.1.srcs/sources_1/bd/project_1/ipshared/ef1e/hdl/lib_cdc_v1_0_rfs.vhd:736]
	Parameter INIT bound to: 1'b0 
INFO: [Synth 8-113] binding component instance 'CROSS2_PLEVEL_IN2SCNDRY_IN_cdc_to' to cell 'FDR' [/home/ryftuser/chintan/darpa/vivado_new/hardware/xilinx-zcu106-2020.1/xilinx-zcu106-2020.1.srcs/sources_1/bd/project_1/ipshared/ef1e/hdl/lib_cdc_v1_0_rfs.vhd:736]
	Parameter INIT bound to: 1'b0 
INFO: [Synth 8-113] binding component instance 'CROSS2_PLEVEL_IN2SCNDRY_IN_cdc_to' to cell 'FDR' [/home/ryftuser/chintan/darpa/vivado_new/hardware/xilinx-zcu106-2020.1/xilinx-zcu106-2020.1.srcs/sources_1/bd/project_1/ipshared/ef1e/hdl/lib_cdc_v1_0_rfs.vhd:736]
	Parameter INIT bound to: 1'b0 
INFO: [Synth 8-113] binding component instance 'CROSS2_PLEVEL_IN2SCNDRY_IN_cdc_to' to cell 'FDR' [/home/ryftuser/chintan/darpa/vivado_new/hardware/xilinx-zcu106-2020.1/xilinx-zcu106-2020.1.srcs/sources_1/bd/project_1/ipshared/ef1e/hdl/lib_cdc_v1_0_rfs.vhd:736]
	Parameter INIT bound to: 1'b0 
INFO: [Synth 8-113] binding component instance 'CROSS2_PLEVEL_IN2SCNDRY_IN_cdc_to' to cell 'FDR' [/home/ryftuser/chintan/darpa/vivado_new/hardware/xilinx-zcu106-2020.1/xilinx-zcu106-2020.1.srcs/sources_1/bd/project_1/ipshared/ef1e/hdl/lib_cdc_v1_0_rfs.vhd:736]
	Parameter INIT bound to: 1'b0 
INFO: [Synth 8-113] binding component instance 'CROSS2_PLEVEL_IN2SCNDRY_IN_cdc_to' to cell 'FDR' [/home/ryftuser/chintan/darpa/vivado_new/hardware/xilinx-zcu106-2020.1/xilinx-zcu106-2020.1.srcs/sources_1/bd/project_1/ipshared/ef1e/hdl/lib_cdc_v1_0_rfs.vhd:736]
	Parameter INIT bound to: 1'b0 
INFO: [Synth 8-113] binding component instance 'CROSS2_PLEVEL_IN2SCNDRY_IN_cdc_to' to cell 'FDR' [/home/ryftuser/chintan/darpa/vivado_new/hardware/xilinx-zcu106-2020.1/xilinx-zcu106-2020.1.srcs/sources_1/bd/project_1/ipshared/ef1e/hdl/lib_cdc_v1_0_rfs.vhd:736]
	Parameter INIT bound to: 1'b0 
INFO: [Synth 8-113] binding component instance 'CROSS2_PLEVEL_IN2SCNDRY_IN_cdc_to' to cell 'FDR' [/home/ryftuser/chintan/darpa/vivado_new/hardware/xilinx-zcu106-2020.1/xilinx-zcu106-2020.1.srcs/sources_1/bd/project_1/ipshared/ef1e/hdl/lib_cdc_v1_0_rfs.vhd:736]
	Parameter INIT bound to: 1'b0 
INFO: [Synth 8-113] binding component instance 'CROSS2_PLEVEL_IN2SCNDRY_IN_cdc_to' to cell 'FDR' [/home/ryftuser/chintan/darpa/vivado_new/hardware/xilinx-zcu106-2020.1/xilinx-zcu106-2020.1.srcs/sources_1/bd/project_1/ipshared/ef1e/hdl/lib_cdc_v1_0_rfs.vhd:736]
	Parameter INIT bound to: 1'b0 
INFO: [Synth 8-113] binding component instance 'CROSS2_PLEVEL_IN2SCNDRY_IN_cdc_to' to cell 'FDR' [/home/ryftuser/chintan/darpa/vivado_new/hardware/xilinx-zcu106-2020.1/xilinx-zcu106-2020.1.srcs/sources_1/bd/project_1/ipshared/ef1e/hdl/lib_cdc_v1_0_rfs.vhd:736]
	Parameter INIT bound to: 1'b0 
INFO: [Synth 8-113] binding component instance 'CROSS2_PLEVEL_IN2SCNDRY_IN_cdc_to' to cell 'FDR' [/home/ryftuser/chintan/darpa/vivado_new/hardware/xilinx-zcu106-2020.1/xilinx-zcu106-2020.1.srcs/sources_1/bd/project_1/ipshared/ef1e/hdl/lib_cdc_v1_0_rfs.vhd:736]
	Parameter INIT bound to: 1'b0 
INFO: [Synth 8-113] binding component instance 'CROSS2_PLEVEL_IN2SCNDRY_IN_cdc_to' to cell 'FDR' [/home/ryftuser/chintan/darpa/vivado_new/hardware/xilinx-zcu106-2020.1/xilinx-zcu106-2020.1.srcs/sources_1/bd/project_1/ipshared/ef1e/hdl/lib_cdc_v1_0_rfs.vhd:736]
	Parameter INIT bound to: 1'b0 
INFO: [Synth 8-113] binding component instance 'CROSS2_PLEVEL_IN2SCNDRY_IN_cdc_to' to cell 'FDR' [/home/ryftuser/chintan/darpa/vivado_new/hardware/xilinx-zcu106-2020.1/xilinx-zcu106-2020.1.srcs/sources_1/bd/project_1/ipshared/ef1e/hdl/lib_cdc_v1_0_rfs.vhd:736]
	Parameter INIT bound to: 1'b0 
INFO: [Synth 8-113] binding component instance 'CROSS2_PLEVEL_IN2SCNDRY_IN_cdc_to' to cell 'FDR' [/home/ryftuser/chintan/darpa/vivado_new/hardware/xilinx-zcu106-2020.1/xilinx-zcu106-2020.1.srcs/sources_1/bd/project_1/ipshared/ef1e/hdl/lib_cdc_v1_0_rfs.vhd:736]
	Parameter INIT bound to: 1'b0 
INFO: [Synth 8-113] binding component instance 'CROSS2_PLEVEL_IN2SCNDRY_IN_cdc_to' to cell 'FDR' [/home/ryftuser/chintan/darpa/vivado_new/hardware/xilinx-zcu106-2020.1/xilinx-zcu106-2020.1.srcs/sources_1/bd/project_1/ipshared/ef1e/hdl/lib_cdc_v1_0_rfs.vhd:736]
	Parameter INIT bound to: 1'b0 
INFO: [Synth 8-113] binding component instance 'CROSS2_PLEVEL_IN2SCNDRY_IN_cdc_to' to cell 'FDR' [/home/ryftuser/chintan/darpa/vivado_new/hardware/xilinx-zcu106-2020.1/xilinx-zcu106-2020.1.srcs/sources_1/bd/project_1/ipshared/ef1e/hdl/lib_cdc_v1_0_rfs.vhd:736]
	Parameter INIT bound to: 1'b0 
INFO: [Synth 8-113] binding component instance 'CROSS2_PLEVEL_IN2SCNDRY_IN_cdc_to' to cell 'FDR' [/home/ryftuser/chintan/darpa/vivado_new/hardware/xilinx-zcu106-2020.1/xilinx-zcu106-2020.1.srcs/sources_1/bd/project_1/ipshared/ef1e/hdl/lib_cdc_v1_0_rfs.vhd:736]
	Parameter INIT bound to: 1'b0 
INFO: [Synth 8-113] binding component instance 'CROSS2_PLEVEL_IN2SCNDRY_IN_cdc_to' to cell 'FDR' [/home/ryftuser/chintan/darpa/vivado_new/hardware/xilinx-zcu106-2020.1/xilinx-zcu106-2020.1.srcs/sources_1/bd/project_1/ipshared/ef1e/hdl/lib_cdc_v1_0_rfs.vhd:736]
	Parameter INIT bound to: 1'b0 
INFO: [Synth 8-113] binding component instance 'CROSS2_PLEVEL_IN2SCNDRY_s_level_out_bus_d2' to cell 'FDR' [/home/ryftuser/chintan/darpa/vivado_new/hardware/xilinx-zcu106-2020.1/xilinx-zcu106-2020.1.srcs/sources_1/bd/project_1/ipshared/ef1e/hdl/lib_cdc_v1_0_rfs.vhd:772]
	Parameter INIT bound to: 1'b0 
INFO: [Synth 8-113] binding component instance 'CROSS2_PLEVEL_IN2SCNDRY_s_level_out_bus_d2' to cell 'FDR' [/home/ryftuser/chintan/darpa/vivado_new/hardware/xilinx-zcu106-2020.1/xilinx-zcu106-2020.1.srcs/sources_1/bd/project_1/ipshared/ef1e/hdl/lib_cdc_v1_0_rfs.vhd:772]
	Parameter INIT bound to: 1'b0 
INFO: [Synth 8-113] binding component instance 'CROSS2_PLEVEL_IN2SCNDRY_s_level_out_bus_d2' to cell 'FDR' [/home/ryftuser/chintan/darpa/vivado_new/hardware/xilinx-zcu106-2020.1/xilinx-zcu106-2020.1.srcs/sources_1/bd/project_1/ipshared/ef1e/hdl/lib_cdc_v1_0_rfs.vhd:772]
	Parameter INIT bound to: 1'b0 
INFO: [Synth 8-113] binding component instance 'CROSS2_PLEVEL_IN2SCNDRY_s_level_out_bus_d2' to cell 'FDR' [/home/ryftuser/chintan/darpa/vivado_new/hardware/xilinx-zcu106-2020.1/xilinx-zcu106-2020.1.srcs/sources_1/bd/project_1/ipshared/ef1e/hdl/lib_cdc_v1_0_rfs.vhd:772]
	Parameter INIT bound to: 1'b0 
INFO: [Synth 8-113] binding component instance 'CROSS2_PLEVEL_IN2SCNDRY_s_level_out_bus_d2' to cell 'FDR' [/home/ryftuser/chintan/darpa/vivado_new/hardware/xilinx-zcu106-2020.1/xilinx-zcu106-2020.1.srcs/sources_1/bd/project_1/ipshared/ef1e/hdl/lib_cdc_v1_0_rfs.vhd:772]
	Parameter INIT bound to: 1'b0 
INFO: [Synth 8-113] binding component instance 'CROSS2_PLEVEL_IN2SCNDRY_s_level_out_bus_d2' to cell 'FDR' [/home/ryftuser/chintan/darpa/vivado_new/hardware/xilinx-zcu106-2020.1/xilinx-zcu106-2020.1.srcs/sources_1/bd/project_1/ipshared/ef1e/hdl/lib_cdc_v1_0_rfs.vhd:772]
	Parameter INIT bound to: 1'b0 
INFO: [Synth 8-113] binding component instance 'CROSS2_PLEVEL_IN2SCNDRY_s_level_out_bus_d2' to cell 'FDR' [/home/ryftuser/chintan/darpa/vivado_new/hardware/xilinx-zcu106-2020.1/xilinx-zcu106-2020.1.srcs/sources_1/bd/project_1/ipshared/ef1e/hdl/lib_cdc_v1_0_rfs.vhd:772]
	Parameter INIT bound to: 1'b0 
INFO: [Synth 8-113] binding component instance 'CROSS2_PLEVEL_IN2SCNDRY_s_level_out_bus_d2' to cell 'FDR' [/home/ryftuser/chintan/darpa/vivado_new/hardware/xilinx-zcu106-2020.1/xilinx-zcu106-2020.1.srcs/sources_1/bd/project_1/ipshared/ef1e/hdl/lib_cdc_v1_0_rfs.vhd:772]
	Parameter INIT bound to: 1'b0 
INFO: [Synth 8-113] binding component instance 'CROSS2_PLEVEL_IN2SCNDRY_s_level_out_bus_d2' to cell 'FDR' [/home/ryftuser/chintan/darpa/vivado_new/hardware/xilinx-zcu106-2020.1/xilinx-zcu106-2020.1.srcs/sources_1/bd/project_1/ipshared/ef1e/hdl/lib_cdc_v1_0_rfs.vhd:772]
	Parameter INIT bound to: 1'b0 
INFO: [Synth 8-113] binding component instance 'CROSS2_PLEVEL_IN2SCNDRY_s_level_out_bus_d2' to cell 'FDR' [/home/ryftuser/chintan/darpa/vivado_new/hardware/xilinx-zcu106-2020.1/xilinx-zcu106-2020.1.srcs/sources_1/bd/project_1/ipshared/ef1e/hdl/lib_cdc_v1_0_rfs.vhd:772]
	Parameter INIT bound to: 1'b0 
INFO: [Synth 8-113] binding component instance 'CROSS2_PLEVEL_IN2SCNDRY_s_level_out_bus_d2' to cell 'FDR' [/home/ryftuser/chintan/darpa/vivado_new/hardware/xilinx-zcu106-2020.1/xilinx-zcu106-2020.1.srcs/sources_1/bd/project_1/ipshared/ef1e/hdl/lib_cdc_v1_0_rfs.vhd:772]
	Parameter INIT bound to: 1'b0 
INFO: [Synth 8-113] binding component instance 'CROSS2_PLEVEL_IN2SCNDRY_s_level_out_bus_d2' to cell 'FDR' [/home/ryftuser/chintan/darpa/vivado_new/hardware/xilinx-zcu106-2020.1/xilinx-zcu106-2020.1.srcs/sources_1/bd/project_1/ipshared/ef1e/hdl/lib_cdc_v1_0_rfs.vhd:772]
	Parameter INIT bound to: 1'b0 
INFO: [Synth 8-113] binding component instance 'CROSS2_PLEVEL_IN2SCNDRY_s_level_out_bus_d2' to cell 'FDR' [/home/ryftuser/chintan/darpa/vivado_new/hardware/xilinx-zcu106-2020.1/xilinx-zcu106-2020.1.srcs/sources_1/bd/project_1/ipshared/ef1e/hdl/lib_cdc_v1_0_rfs.vhd:772]
	Parameter INIT bound to: 1'b0 
INFO: [Synth 8-113] binding component instance 'CROSS2_PLEVEL_IN2SCNDRY_s_level_out_bus_d2' to cell 'FDR' [/home/ryftuser/chintan/darpa/vivado_new/hardware/xilinx-zcu106-2020.1/xilinx-zcu106-2020.1.srcs/sources_1/bd/project_1/ipshared/ef1e/hdl/lib_cdc_v1_0_rfs.vhd:772]
	Parameter INIT bound to: 1'b0 
INFO: [Synth 8-113] binding component instance 'CROSS2_PLEVEL_IN2SCNDRY_s_level_out_bus_d2' to cell 'FDR' [/home/ryftuser/chintan/darpa/vivado_new/hardware/xilinx-zcu106-2020.1/xilinx-zcu106-2020.1.srcs/sources_1/bd/project_1/ipshared/ef1e/hdl/lib_cdc_v1_0_rfs.vhd:772]
	Parameter INIT bound to: 1'b0 
INFO: [Synth 8-113] binding component instance 'CROSS2_PLEVEL_IN2SCNDRY_s_level_out_bus_d2' to cell 'FDR' [/home/ryftuser/chintan/darpa/vivado_new/hardware/xilinx-zcu106-2020.1/xilinx-zcu106-2020.1.srcs/sources_1/bd/project_1/ipshared/ef1e/hdl/lib_cdc_v1_0_rfs.vhd:772]
	Parameter INIT bound to: 1'b0 
INFO: [Synth 8-113] binding component instance 'CROSS2_PLEVEL_IN2SCNDRY_s_level_out_bus_d2' to cell 'FDR' [/home/ryftuser/chintan/darpa/vivado_new/hardware/xilinx-zcu106-2020.1/xilinx-zcu106-2020.1.srcs/sources_1/bd/project_1/ipshared/ef1e/hdl/lib_cdc_v1_0_rfs.vhd:772]
	Parameter INIT bound to: 1'b0 
INFO: [Synth 8-113] binding component instance 'CROSS2_PLEVEL_IN2SCNDRY_s_level_out_bus_d2' to cell 'FDR' [/home/ryftuser/chintan/darpa/vivado_new/hardware/xilinx-zcu106-2020.1/xilinx-zcu106-2020.1.srcs/sources_1/bd/project_1/ipshared/ef1e/hdl/lib_cdc_v1_0_rfs.vhd:772]
	Parameter INIT bound to: 1'b0 
INFO: [Synth 8-113] binding component instance 'CROSS2_PLEVEL_IN2SCNDRY_s_level_out_bus_d2' to cell 'FDR' [/home/ryftuser/chintan/darpa/vivado_new/hardware/xilinx-zcu106-2020.1/xilinx-zcu106-2020.1.srcs/sources_1/bd/project_1/ipshared/ef1e/hdl/lib_cdc_v1_0_rfs.vhd:772]
	Parameter INIT bound to: 1'b0 
INFO: [Synth 8-113] binding component instance 'CROSS2_PLEVEL_IN2SCNDRY_s_level_out_bus_d2' to cell 'FDR' [/home/ryftuser/chintan/darpa/vivado_new/hardware/xilinx-zcu106-2020.1/xilinx-zcu106-2020.1.srcs/sources_1/bd/project_1/ipshared/ef1e/hdl/lib_cdc_v1_0_rfs.vhd:772]
	Parameter INIT bound to: 1'b0 
INFO: [Synth 8-113] binding component instance 'CROSS2_PLEVEL_IN2SCNDRY_s_level_out_bus_d2' to cell 'FDR' [/home/ryftuser/chintan/darpa/vivado_new/hardware/xilinx-zcu106-2020.1/xilinx-zcu106-2020.1.srcs/sources_1/bd/project_1/ipshared/ef1e/hdl/lib_cdc_v1_0_rfs.vhd:772]
	Parameter INIT bound to: 1'b0 
INFO: [Synth 8-113] binding component instance 'CROSS2_PLEVEL_IN2SCNDRY_s_level_out_bus_d2' to cell 'FDR' [/home/ryftuser/chintan/darpa/vivado_new/hardware/xilinx-zcu106-2020.1/xilinx-zcu106-2020.1.srcs/sources_1/bd/project_1/ipshared/ef1e/hdl/lib_cdc_v1_0_rfs.vhd:772]
	Parameter INIT bound to: 1'b0 
INFO: [Synth 8-113] binding component instance 'CROSS2_PLEVEL_IN2SCNDRY_s_level_out_bus_d2' to cell 'FDR' [/home/ryftuser/chintan/darpa/vivado_new/hardware/xilinx-zcu106-2020.1/xilinx-zcu106-2020.1.srcs/sources_1/bd/project_1/ipshared/ef1e/hdl/lib_cdc_v1_0_rfs.vhd:772]
	Parameter INIT bound to: 1'b0 
INFO: [Synth 8-113] binding component instance 'CROSS2_PLEVEL_IN2SCNDRY_s_level_out_bus_d2' to cell 'FDR' [/home/ryftuser/chintan/darpa/vivado_new/hardware/xilinx-zcu106-2020.1/xilinx-zcu106-2020.1.srcs/sources_1/bd/project_1/ipshared/ef1e/hdl/lib_cdc_v1_0_rfs.vhd:772]
	Parameter INIT bound to: 1'b0 
INFO: [Synth 8-113] binding component instance 'CROSS2_PLEVEL_IN2SCNDRY_s_level_out_bus_d2' to cell 'FDR' [/home/ryftuser/chintan/darpa/vivado_new/hardware/xilinx-zcu106-2020.1/xilinx-zcu106-2020.1.srcs/sources_1/bd/project_1/ipshared/ef1e/hdl/lib_cdc_v1_0_rfs.vhd:772]
	Parameter INIT bound to: 1'b0 
INFO: [Synth 8-113] binding component instance 'CROSS2_PLEVEL_IN2SCNDRY_s_level_out_bus_d2' to cell 'FDR' [/home/ryftuser/chintan/darpa/vivado_new/hardware/xilinx-zcu106-2020.1/xilinx-zcu106-2020.1.srcs/sources_1/bd/project_1/ipshared/ef1e/hdl/lib_cdc_v1_0_rfs.vhd:772]
	Parameter INIT bound to: 1'b0 
INFO: [Synth 8-113] binding component instance 'CROSS2_PLEVEL_IN2SCNDRY_s_level_out_bus_d2' to cell 'FDR' [/home/ryftuser/chintan/darpa/vivado_new/hardware/xilinx-zcu106-2020.1/xilinx-zcu106-2020.1.srcs/sources_1/bd/project_1/ipshared/ef1e/hdl/lib_cdc_v1_0_rfs.vhd:772]
	Parameter INIT bound to: 1'b0 
INFO: [Synth 8-113] binding component instance 'CROSS2_PLEVEL_IN2SCNDRY_s_level_out_bus_d2' to cell 'FDR' [/home/ryftuser/chintan/darpa/vivado_new/hardware/xilinx-zcu106-2020.1/xilinx-zcu106-2020.1.srcs/sources_1/bd/project_1/ipshared/ef1e/hdl/lib_cdc_v1_0_rfs.vhd:772]
	Parameter INIT bound to: 1'b0 
INFO: [Synth 8-113] binding component instance 'CROSS2_PLEVEL_IN2SCNDRY_s_level_out_bus_d2' to cell 'FDR' [/home/ryftuser/chintan/darpa/vivado_new/hardware/xilinx-zcu106-2020.1/xilinx-zcu106-2020.1.srcs/sources_1/bd/project_1/ipshared/ef1e/hdl/lib_cdc_v1_0_rfs.vhd:772]
	Parameter INIT bound to: 1'b0 
INFO: [Synth 8-113] binding component instance 'CROSS2_PLEVEL_IN2SCNDRY_s_level_out_bus_d2' to cell 'FDR' [/home/ryftuser/chintan/darpa/vivado_new/hardware/xilinx-zcu106-2020.1/xilinx-zcu106-2020.1.srcs/sources_1/bd/project_1/ipshared/ef1e/hdl/lib_cdc_v1_0_rfs.vhd:772]
	Parameter INIT bound to: 1'b0 
INFO: [Synth 8-113] binding component instance 'CROSS2_PLEVEL_IN2SCNDRY_s_level_out_bus_d2' to cell 'FDR' [/home/ryftuser/chintan/darpa/vivado_new/hardware/xilinx-zcu106-2020.1/xilinx-zcu106-2020.1.srcs/sources_1/bd/project_1/ipshared/ef1e/hdl/lib_cdc_v1_0_rfs.vhd:772]
	Parameter INIT bound to: 1'b0 
INFO: [Synth 8-113] binding component instance 'CROSS2_PLEVEL_IN2SCNDRY_s_level_out_bus_d2' to cell 'FDR' [/home/ryftuser/chintan/darpa/vivado_new/hardware/xilinx-zcu106-2020.1/xilinx-zcu106-2020.1.srcs/sources_1/bd/project_1/ipshared/ef1e/hdl/lib_cdc_v1_0_rfs.vhd:772]
	Parameter INIT bound to: 1'b0 
INFO: [Synth 8-113] binding component instance 'CROSS2_PLEVEL_IN2SCNDRY_s_level_out_bus_d3' to cell 'FDR' [/home/ryftuser/chintan/darpa/vivado_new/hardware/xilinx-zcu106-2020.1/xilinx-zcu106-2020.1.srcs/sources_1/bd/project_1/ipshared/ef1e/hdl/lib_cdc_v1_0_rfs.vhd:788]
	Parameter INIT bound to: 1'b0 
INFO: [Synth 8-113] binding component instance 'CROSS2_PLEVEL_IN2SCNDRY_s_level_out_bus_d3' to cell 'FDR' [/home/ryftuser/chintan/darpa/vivado_new/hardware/xilinx-zcu106-2020.1/xilinx-zcu106-2020.1.srcs/sources_1/bd/project_1/ipshared/ef1e/hdl/lib_cdc_v1_0_rfs.vhd:788]
	Parameter INIT bound to: 1'b0 
INFO: [Synth 8-113] binding component instance 'CROSS2_PLEVEL_IN2SCNDRY_s_level_out_bus_d3' to cell 'FDR' [/home/ryftuser/chintan/darpa/vivado_new/hardware/xilinx-zcu106-2020.1/xilinx-zcu106-2020.1.srcs/sources_1/bd/project_1/ipshared/ef1e/hdl/lib_cdc_v1_0_rfs.vhd:788]
	Parameter INIT bound to: 1'b0 
INFO: [Synth 8-113] binding component instance 'CROSS2_PLEVEL_IN2SCNDRY_s_level_out_bus_d3' to cell 'FDR' [/home/ryftuser/chintan/darpa/vivado_new/hardware/xilinx-zcu106-2020.1/xilinx-zcu106-2020.1.srcs/sources_1/bd/project_1/ipshared/ef1e/hdl/lib_cdc_v1_0_rfs.vhd:788]
	Parameter INIT bound to: 1'b0 
INFO: [Synth 8-113] binding component instance 'CROSS2_PLEVEL_IN2SCNDRY_s_level_out_bus_d3' to cell 'FDR' [/home/ryftuser/chintan/darpa/vivado_new/hardware/xilinx-zcu106-2020.1/xilinx-zcu106-2020.1.srcs/sources_1/bd/project_1/ipshared/ef1e/hdl/lib_cdc_v1_0_rfs.vhd:788]
	Parameter INIT bound to: 1'b0 
INFO: [Synth 8-113] binding component instance 'CROSS2_PLEVEL_IN2SCNDRY_s_level_out_bus_d3' to cell 'FDR' [/home/ryftuser/chintan/darpa/vivado_new/hardware/xilinx-zcu106-2020.1/xilinx-zcu106-2020.1.srcs/sources_1/bd/project_1/ipshared/ef1e/hdl/lib_cdc_v1_0_rfs.vhd:788]
	Parameter INIT bound to: 1'b0 
INFO: [Synth 8-113] binding component instance 'CROSS2_PLEVEL_IN2SCNDRY_s_level_out_bus_d3' to cell 'FDR' [/home/ryftuser/chintan/darpa/vivado_new/hardware/xilinx-zcu106-2020.1/xilinx-zcu106-2020.1.srcs/sources_1/bd/project_1/ipshared/ef1e/hdl/lib_cdc_v1_0_rfs.vhd:788]
	Parameter INIT bound to: 1'b0 
INFO: [Synth 8-113] binding component instance 'CROSS2_PLEVEL_IN2SCNDRY_s_level_out_bus_d3' to cell 'FDR' [/home/ryftuser/chintan/darpa/vivado_new/hardware/xilinx-zcu106-2020.1/xilinx-zcu106-2020.1.srcs/sources_1/bd/project_1/ipshared/ef1e/hdl/lib_cdc_v1_0_rfs.vhd:788]
	Parameter INIT bound to: 1'b0 
INFO: [Synth 8-113] binding component instance 'CROSS2_PLEVEL_IN2SCNDRY_s_level_out_bus_d3' to cell 'FDR' [/home/ryftuser/chintan/darpa/vivado_new/hardware/xilinx-zcu106-2020.1/xilinx-zcu106-2020.1.srcs/sources_1/bd/project_1/ipshared/ef1e/hdl/lib_cdc_v1_0_rfs.vhd:788]
	Parameter INIT bound to: 1'b0 
INFO: [Synth 8-113] binding component instance 'CROSS2_PLEVEL_IN2SCNDRY_s_level_out_bus_d3' to cell 'FDR' [/home/ryftuser/chintan/darpa/vivado_new/hardware/xilinx-zcu106-2020.1/xilinx-zcu106-2020.1.srcs/sources_1/bd/project_1/ipshared/ef1e/hdl/lib_cdc_v1_0_rfs.vhd:788]
	Parameter INIT bound to: 1'b0 
INFO: [Synth 8-113] binding component instance 'CROSS2_PLEVEL_IN2SCNDRY_s_level_out_bus_d3' to cell 'FDR' [/home/ryftuser/chintan/darpa/vivado_new/hardware/xilinx-zcu106-2020.1/xilinx-zcu106-2020.1.srcs/sources_1/bd/project_1/ipshared/ef1e/hdl/lib_cdc_v1_0_rfs.vhd:788]
	Parameter INIT bound to: 1'b0 
INFO: [Synth 8-113] binding component instance 'CROSS2_PLEVEL_IN2SCNDRY_s_level_out_bus_d3' to cell 'FDR' [/home/ryftuser/chintan/darpa/vivado_new/hardware/xilinx-zcu106-2020.1/xilinx-zcu106-2020.1.srcs/sources_1/bd/project_1/ipshared/ef1e/hdl/lib_cdc_v1_0_rfs.vhd:788]
	Parameter INIT bound to: 1'b0 
INFO: [Synth 8-113] binding component instance 'CROSS2_PLEVEL_IN2SCNDRY_s_level_out_bus_d3' to cell 'FDR' [/home/ryftuser/chintan/darpa/vivado_new/hardware/xilinx-zcu106-2020.1/xilinx-zcu106-2020.1.srcs/sources_1/bd/project_1/ipshared/ef1e/hdl/lib_cdc_v1_0_rfs.vhd:788]
	Parameter INIT bound to: 1'b0 
INFO: [Synth 8-113] binding component instance 'CROSS2_PLEVEL_IN2SCNDRY_s_level_out_bus_d3' to cell 'FDR' [/home/ryftuser/chintan/darpa/vivado_new/hardware/xilinx-zcu106-2020.1/xilinx-zcu106-2020.1.srcs/sources_1/bd/project_1/ipshared/ef1e/hdl/lib_cdc_v1_0_rfs.vhd:788]
	Parameter INIT bound to: 1'b0 
INFO: [Synth 8-113] binding component instance 'CROSS2_PLEVEL_IN2SCNDRY_s_level_out_bus_d3' to cell 'FDR' [/home/ryftuser/chintan/darpa/vivado_new/hardware/xilinx-zcu106-2020.1/xilinx-zcu106-2020.1.srcs/sources_1/bd/project_1/ipshared/ef1e/hdl/lib_cdc_v1_0_rfs.vhd:788]
	Parameter INIT bound to: 1'b0 
INFO: [Synth 8-113] binding component instance 'CROSS2_PLEVEL_IN2SCNDRY_s_level_out_bus_d3' to cell 'FDR' [/home/ryftuser/chintan/darpa/vivado_new/hardware/xilinx-zcu106-2020.1/xilinx-zcu106-2020.1.srcs/sources_1/bd/project_1/ipshared/ef1e/hdl/lib_cdc_v1_0_rfs.vhd:788]
	Parameter INIT bound to: 1'b0 
INFO: [Synth 8-113] binding component instance 'CROSS2_PLEVEL_IN2SCNDRY_s_level_out_bus_d3' to cell 'FDR' [/home/ryftuser/chintan/darpa/vivado_new/hardware/xilinx-zcu106-2020.1/xilinx-zcu106-2020.1.srcs/sources_1/bd/project_1/ipshared/ef1e/hdl/lib_cdc_v1_0_rfs.vhd:788]
	Parameter INIT bound to: 1'b0 
INFO: [Synth 8-113] binding component instance 'CROSS2_PLEVEL_IN2SCNDRY_s_level_out_bus_d3' to cell 'FDR' [/home/ryftuser/chintan/darpa/vivado_new/hardware/xilinx-zcu106-2020.1/xilinx-zcu106-2020.1.srcs/sources_1/bd/project_1/ipshared/ef1e/hdl/lib_cdc_v1_0_rfs.vhd:788]
	Parameter INIT bound to: 1'b0 
INFO: [Synth 8-113] binding component instance 'CROSS2_PLEVEL_IN2SCNDRY_s_level_out_bus_d3' to cell 'FDR' [/home/ryftuser/chintan/darpa/vivado_new/hardware/xilinx-zcu106-2020.1/xilinx-zcu106-2020.1.srcs/sources_1/bd/project_1/ipshared/ef1e/hdl/lib_cdc_v1_0_rfs.vhd:788]
	Parameter INIT bound to: 1'b0 
INFO: [Synth 8-113] binding component instance 'CROSS2_PLEVEL_IN2SCNDRY_s_level_out_bus_d3' to cell 'FDR' [/home/ryftuser/chintan/darpa/vivado_new/hardware/xilinx-zcu106-2020.1/xilinx-zcu106-2020.1.srcs/sources_1/bd/project_1/ipshared/ef1e/hdl/lib_cdc_v1_0_rfs.vhd:788]
	Parameter INIT bound to: 1'b0 
INFO: [Synth 8-113] binding component instance 'CROSS2_PLEVEL_IN2SCNDRY_s_level_out_bus_d3' to cell 'FDR' [/home/ryftuser/chintan/darpa/vivado_new/hardware/xilinx-zcu106-2020.1/xilinx-zcu106-2020.1.srcs/sources_1/bd/project_1/ipshared/ef1e/hdl/lib_cdc_v1_0_rfs.vhd:788]
	Parameter INIT bound to: 1'b0 
INFO: [Synth 8-113] binding component instance 'CROSS2_PLEVEL_IN2SCNDRY_s_level_out_bus_d3' to cell 'FDR' [/home/ryftuser/chintan/darpa/vivado_new/hardware/xilinx-zcu106-2020.1/xilinx-zcu106-2020.1.srcs/sources_1/bd/project_1/ipshared/ef1e/hdl/lib_cdc_v1_0_rfs.vhd:788]
	Parameter INIT bound to: 1'b0 
INFO: [Synth 8-113] binding component instance 'CROSS2_PLEVEL_IN2SCNDRY_s_level_out_bus_d3' to cell 'FDR' [/home/ryftuser/chintan/darpa/vivado_new/hardware/xilinx-zcu106-2020.1/xilinx-zcu106-2020.1.srcs/sources_1/bd/project_1/ipshared/ef1e/hdl/lib_cdc_v1_0_rfs.vhd:788]
	Parameter INIT bound to: 1'b0 
INFO: [Synth 8-113] binding component instance 'CROSS2_PLEVEL_IN2SCNDRY_s_level_out_bus_d3' to cell 'FDR' [/home/ryftuser/chintan/darpa/vivado_new/hardware/xilinx-zcu106-2020.1/xilinx-zcu106-2020.1.srcs/sources_1/bd/project_1/ipshared/ef1e/hdl/lib_cdc_v1_0_rfs.vhd:788]
	Parameter INIT bound to: 1'b0 
INFO: [Synth 8-113] binding component instance 'CROSS2_PLEVEL_IN2SCNDRY_s_level_out_bus_d3' to cell 'FDR' [/home/ryftuser/chintan/darpa/vivado_new/hardware/xilinx-zcu106-2020.1/xilinx-zcu106-2020.1.srcs/sources_1/bd/project_1/ipshared/ef1e/hdl/lib_cdc_v1_0_rfs.vhd:788]
	Parameter INIT bound to: 1'b0 
INFO: [Synth 8-113] binding component instance 'CROSS2_PLEVEL_IN2SCNDRY_s_level_out_bus_d3' to cell 'FDR' [/home/ryftuser/chintan/darpa/vivado_new/hardware/xilinx-zcu106-2020.1/xilinx-zcu106-2020.1.srcs/sources_1/bd/project_1/ipshared/ef1e/hdl/lib_cdc_v1_0_rfs.vhd:788]
	Parameter INIT bound to: 1'b0 
INFO: [Synth 8-113] binding component instance 'CROSS2_PLEVEL_IN2SCNDRY_s_level_out_bus_d3' to cell 'FDR' [/home/ryftuser/chintan/darpa/vivado_new/hardware/xilinx-zcu106-2020.1/xilinx-zcu106-2020.1.srcs/sources_1/bd/project_1/ipshared/ef1e/hdl/lib_cdc_v1_0_rfs.vhd:788]
	Parameter INIT bound to: 1'b0 
INFO: [Synth 8-113] binding component instance 'CROSS2_PLEVEL_IN2SCNDRY_s_level_out_bus_d3' to cell 'FDR' [/home/ryftuser/chintan/darpa/vivado_new/hardware/xilinx-zcu106-2020.1/xilinx-zcu106-2020.1.srcs/sources_1/bd/project_1/ipshared/ef1e/hdl/lib_cdc_v1_0_rfs.vhd:788]
	Parameter INIT bound to: 1'b0 
INFO: [Synth 8-113] binding component instance 'CROSS2_PLEVEL_IN2SCNDRY_s_level_out_bus_d3' to cell 'FDR' [/home/ryftuser/chintan/darpa/vivado_new/hardware/xilinx-zcu106-2020.1/xilinx-zcu106-2020.1.srcs/sources_1/bd/project_1/ipshared/ef1e/hdl/lib_cdc_v1_0_rfs.vhd:788]
	Parameter INIT bound to: 1'b0 
INFO: [Synth 8-113] binding component instance 'CROSS2_PLEVEL_IN2SCNDRY_s_level_out_bus_d3' to cell 'FDR' [/home/ryftuser/chintan/darpa/vivado_new/hardware/xilinx-zcu106-2020.1/xilinx-zcu106-2020.1.srcs/sources_1/bd/project_1/ipshared/ef1e/hdl/lib_cdc_v1_0_rfs.vhd:788]
	Parameter INIT bound to: 1'b0 
INFO: [Synth 8-113] binding component instance 'CROSS2_PLEVEL_IN2SCNDRY_s_level_out_bus_d3' to cell 'FDR' [/home/ryftuser/chintan/darpa/vivado_new/hardware/xilinx-zcu106-2020.1/xilinx-zcu106-2020.1.srcs/sources_1/bd/project_1/ipshared/ef1e/hdl/lib_cdc_v1_0_rfs.vhd:788]
	Parameter INIT bound to: 1'b0 
INFO: [Synth 8-113] binding component instance 'CROSS2_PLEVEL_IN2SCNDRY_s_level_out_bus_d3' to cell 'FDR' [/home/ryftuser/chintan/darpa/vivado_new/hardware/xilinx-zcu106-2020.1/xilinx-zcu106-2020.1.srcs/sources_1/bd/project_1/ipshared/ef1e/hdl/lib_cdc_v1_0_rfs.vhd:788]
	Parameter INIT bound to: 1'b0 
INFO: [Synth 8-113] binding component instance 'CROSS2_PLEVEL_IN2SCNDRY_s_level_out_bus_d4' to cell 'FDR' [/home/ryftuser/chintan/darpa/vivado_new/hardware/xilinx-zcu106-2020.1/xilinx-zcu106-2020.1.srcs/sources_1/bd/project_1/ipshared/ef1e/hdl/lib_cdc_v1_0_rfs.vhd:804]
	Parameter INIT bound to: 1'b0 
INFO: [Synth 8-113] binding component instance 'CROSS2_PLEVEL_IN2SCNDRY_s_level_out_bus_d4' to cell 'FDR' [/home/ryftuser/chintan/darpa/vivado_new/hardware/xilinx-zcu106-2020.1/xilinx-zcu106-2020.1.srcs/sources_1/bd/project_1/ipshared/ef1e/hdl/lib_cdc_v1_0_rfs.vhd:804]
	Parameter INIT bound to: 1'b0 
INFO: [Synth 8-113] binding component instance 'CROSS2_PLEVEL_IN2SCNDRY_s_level_out_bus_d4' to cell 'FDR' [/home/ryftuser/chintan/darpa/vivado_new/hardware/xilinx-zcu106-2020.1/xilinx-zcu106-2020.1.srcs/sources_1/bd/project_1/ipshared/ef1e/hdl/lib_cdc_v1_0_rfs.vhd:804]
	Parameter INIT bound to: 1'b0 
INFO: [Synth 8-113] binding component instance 'CROSS2_PLEVEL_IN2SCNDRY_s_level_out_bus_d4' to cell 'FDR' [/home/ryftuser/chintan/darpa/vivado_new/hardware/xilinx-zcu106-2020.1/xilinx-zcu106-2020.1.srcs/sources_1/bd/project_1/ipshared/ef1e/hdl/lib_cdc_v1_0_rfs.vhd:804]
INFO: [Common 17-14] Message 'Synth 8-113' appears 100 times and further instances of the messages will be disabled. Use the Tcl command set_msg_config to change the current settings.
	Parameter INIT bound to: 1'b0 
	Parameter INIT bound to: 1'b0 
	Parameter INIT bound to: 1'b0 
	Parameter INIT bound to: 1'b0 
	Parameter INIT bound to: 1'b0 
	Parameter INIT bound to: 1'b0 
	Parameter INIT bound to: 1'b0 
	Parameter INIT bound to: 1'b0 
	Parameter INIT bound to: 1'b0 
	Parameter INIT bound to: 1'b0 
	Parameter INIT bound to: 1'b0 
	Parameter INIT bound to: 1'b0 
	Parameter INIT bound to: 1'b0 
	Parameter INIT bound to: 1'b0 
	Parameter INIT bound to: 1'b0 
	Parameter INIT bound to: 1'b0 
	Parameter INIT bound to: 1'b0 
	Parameter INIT bound to: 1'b0 
	Parameter INIT bound to: 1'b0 
	Parameter INIT bound to: 1'b0 
	Parameter INIT bound to: 1'b0 
	Parameter INIT bound to: 1'b0 
	Parameter INIT bound to: 1'b0 
	Parameter INIT bound to: 1'b0 
	Parameter INIT bound to: 1'b0 
	Parameter INIT bound to: 1'b0 
	Parameter INIT bound to: 1'b0 
	Parameter INIT bound to: 1'b0 
	Parameter INIT bound to: 1'b0 
	Parameter INIT bound to: 1'b0 
	Parameter INIT bound to: 1'b0 
	Parameter INIT bound to: 1'b0 
	Parameter INIT bound to: 1'b0 
	Parameter INIT bound to: 1'b0 
	Parameter INIT bound to: 1'b0 
	Parameter INIT bound to: 1'b0 
	Parameter INIT bound to: 1'b0 
	Parameter INIT bound to: 1'b0 
	Parameter INIT bound to: 1'b0 
	Parameter INIT bound to: 1'b0 
	Parameter INIT bound to: 1'b0 
	Parameter INIT bound to: 1'b0 
	Parameter INIT bound to: 1'b0 
	Parameter INIT bound to: 1'b0 
	Parameter INIT bound to: 1'b0 
	Parameter INIT bound to: 1'b0 
	Parameter INIT bound to: 1'b0 
	Parameter INIT bound to: 1'b0 
	Parameter INIT bound to: 1'b0 
	Parameter INIT bound to: 1'b0 
	Parameter INIT bound to: 1'b0 
	Parameter INIT bound to: 1'b0 
	Parameter INIT bound to: 1'b0 
	Parameter INIT bound to: 1'b0 
	Parameter INIT bound to: 1'b0 
	Parameter INIT bound to: 1'b0 
	Parameter INIT bound to: 1'b0 
	Parameter INIT bound to: 1'b0 
	Parameter INIT bound to: 1'b0 
	Parameter INIT bound to: 1'b0 
	Parameter INIT bound to: 1'b0 
	Parameter INIT bound to: 1'b0 
	Parameter INIT bound to: 1'b0 
	Parameter INIT bound to: 1'b0 
	Parameter INIT bound to: 1'b0 
	Parameter INIT bound to: 1'b0 
	Parameter INIT bound to: 1'b0 
	Parameter INIT bound to: 1'b0 
	Parameter INIT bound to: 1'b0 
	Parameter INIT bound to: 1'b0 
	Parameter INIT bound to: 1'b0 
	Parameter INIT bound to: 1'b0 
	Parameter INIT bound to: 1'b0 
	Parameter INIT bound to: 1'b0 
	Parameter INIT bound to: 1'b0 
	Parameter INIT bound to: 1'b0 
	Parameter INIT bound to: 1'b0 
	Parameter INIT bound to: 1'b0 
	Parameter INIT bound to: 1'b0 
	Parameter INIT bound to: 1'b0 
	Parameter INIT bound to: 1'b0 
	Parameter INIT bound to: 1'b0 
	Parameter INIT bound to: 1'b0 
	Parameter INIT bound to: 1'b0 
	Parameter INIT bound to: 1'b0 
	Parameter INIT bound to: 1'b0 
	Parameter INIT bound to: 1'b0 
	Parameter INIT bound to: 1'b0 
	Parameter INIT bound to: 1'b0 
	Parameter INIT bound to: 1'b0 
	Parameter INIT bound to: 1'b0 
	Parameter INIT bound to: 1'b0 
INFO: [Synth 8-256] done synthesizing module 'cdc_sync' (5#1) [/home/ryftuser/chintan/darpa/vivado_new/hardware/xilinx-zcu106-2020.1/xilinx-zcu106-2020.1.srcs/sources_1/bd/project_1/ipshared/ef1e/hdl/lib_cdc_v1_0_rfs.vhd:106]
INFO: [Synth 8-256] done synthesizing module 'GPIO_Core' (6#1) [/home/ryftuser/chintan/darpa/vivado_new/hardware/xilinx-zcu106-2020.1/xilinx-zcu106-2020.1.srcs/sources_1/bd/project_1/ipshared/bb35/hdl/axi_gpio_v2_0_vh_rfs.vhd:178]
INFO: [Synth 8-256] done synthesizing module 'axi_gpio' (7#1) [/home/ryftuser/chintan/darpa/vivado_new/hardware/xilinx-zcu106-2020.1/xilinx-zcu106-2020.1.srcs/sources_1/bd/project_1/ipshared/bb35/hdl/axi_gpio_v2_0_vh_rfs.vhd:1351]
INFO: [Synth 8-256] done synthesizing module 'project_1_axi_gpio_0_0' (8#1) [/home/ryftuser/chintan/darpa/vivado_new/hardware/xilinx-zcu106-2020.1/xilinx-zcu106-2020.1.srcs/sources_1/bd/project_1/ip/project_1_axi_gpio_0_0/synth/project_1_axi_gpio_0_0.vhd:86]
---------------------------------------------------------------------------------
Finished RTL Elaboration : Time (s): cpu = 00:00:04 ; elapsed = 00:00:07 . Memory (MB): peak = 2724.742 ; gain = 61.809 ; free physical = 54087 ; free virtual = 362504
---------------------------------------------------------------------------------
---------------------------------------------------------------------------------
Start Handling Custom Attributes
---------------------------------------------------------------------------------
---------------------------------------------------------------------------------
Finished Handling Custom Attributes : Time (s): cpu = 00:00:05 ; elapsed = 00:00:07 . Memory (MB): peak = 2742.586 ; gain = 79.652 ; free physical = 54082 ; free virtual = 362499
---------------------------------------------------------------------------------
---------------------------------------------------------------------------------
Finished RTL Optimization Phase 1 : Time (s): cpu = 00:00:05 ; elapsed = 00:00:07 . Memory (MB): peak = 2742.586 ; gain = 79.652 ; free physical = 54082 ; free virtual = 362499
---------------------------------------------------------------------------------
Netlist sorting complete. Time (s): cpu = 00:00:00 ; elapsed = 00:00:00.01 . Memory (MB): peak = 2754.492 ; gain = 0.000 ; free physical = 54078 ; free virtual = 362494
INFO: [Netlist 29-17] Analyzing 192 Unisim elements for replacement
INFO: [Netlist 29-28] Unisim Transformation completed in 0 CPU seconds
INFO: [Project 1-570] Preparing netlist for logic optimization

Processing XDC Constraints
Initializing timing engine
Parsing XDC File [/home/ryftuser/chintan/darpa/vivado_new/hardware/xilinx-zcu106-2020.1/xilinx-zcu106-2020.1.srcs/sources_1/bd/project_1/ip/project_1_axi_gpio_0_0/project_1_axi_gpio_0_0_ooc.xdc] for cell 'U0'
Finished Parsing XDC File [/home/ryftuser/chintan/darpa/vivado_new/hardware/xilinx-zcu106-2020.1/xilinx-zcu106-2020.1.srcs/sources_1/bd/project_1/ip/project_1_axi_gpio_0_0/project_1_axi_gpio_0_0_ooc.xdc] for cell 'U0'
Parsing XDC File [/home/ryftuser/chintan/darpa/vivado_new/hardware/xilinx-zcu106-2020.1/xilinx-zcu106-2020.1.srcs/sources_1/bd/project_1/ip/project_1_axi_gpio_0_0/project_1_axi_gpio_0_0_board.xdc] for cell 'U0'
Finished Parsing XDC File [/home/ryftuser/chintan/darpa/vivado_new/hardware/xilinx-zcu106-2020.1/xilinx-zcu106-2020.1.srcs/sources_1/bd/project_1/ip/project_1_axi_gpio_0_0/project_1_axi_gpio_0_0_board.xdc] for cell 'U0'
Parsing XDC File [/home/ryftuser/chintan/darpa/vivado_new/hardware/xilinx-zcu106-2020.1/xilinx-zcu106-2020.1.srcs/sources_1/bd/project_1/ip/project_1_axi_gpio_0_0/project_1_axi_gpio_0_0.xdc] for cell 'U0'
Finished Parsing XDC File [/home/ryftuser/chintan/darpa/vivado_new/hardware/xilinx-zcu106-2020.1/xilinx-zcu106-2020.1.srcs/sources_1/bd/project_1/ip/project_1_axi_gpio_0_0/project_1_axi_gpio_0_0.xdc] for cell 'U0'
Parsing XDC File [/home/ryftuser/chintan/darpa/vivado_new/hardware/xilinx-zcu106-2020.1/xilinx-zcu106-2020.1.runs/project_1_axi_gpio_0_0_synth_1/dont_touch.xdc]
Finished Parsing XDC File [/home/ryftuser/chintan/darpa/vivado_new/hardware/xilinx-zcu106-2020.1/xilinx-zcu106-2020.1.runs/project_1_axi_gpio_0_0_synth_1/dont_touch.xdc]
Completed Processing XDC Constraints

Netlist sorting complete. Time (s): cpu = 00:00:00 ; elapsed = 00:00:00 . Memory (MB): peak = 2918.305 ; gain = 0.000 ; free physical = 53999 ; free virtual = 362416
INFO: [Project 1-111] Unisim Transformation Summary:
  A total of 192 instances were transformed.
  FDR => FDRE: 192 instances

Constraint Validation Runtime : Time (s): cpu = 00:00:00.04 ; elapsed = 00:00:00.04 . Memory (MB): peak = 2918.305 ; gain = 0.000 ; free physical = 53998 ; free virtual = 362414
---------------------------------------------------------------------------------
Finished Constraint Validation : Time (s): cpu = 00:00:14 ; elapsed = 00:00:22 . Memory (MB): peak = 2918.305 ; gain = 255.371 ; free physical = 54063 ; free virtual = 362479
---------------------------------------------------------------------------------
---------------------------------------------------------------------------------
Start Loading Part and Timing Information
---------------------------------------------------------------------------------
Loading part: xczu7ev-ffvc1156-2-e
INFO: [Synth 8-6742] Reading net delay rules and data
---------------------------------------------------------------------------------
Finished Loading Part and Timing Information : Time (s): cpu = 00:00:14 ; elapsed = 00:00:22 . Memory (MB): peak = 2918.305 ; gain = 255.371 ; free physical = 54063 ; free virtual = 362479
---------------------------------------------------------------------------------
---------------------------------------------------------------------------------
Start Applying 'set_property' XDC Constraints
---------------------------------------------------------------------------------
Applied set_property DONT_TOUCH = true for U0. (constraint file  /home/ryftuser/chintan/darpa/vivado_new/hardware/xilinx-zcu106-2020.1/xilinx-zcu106-2020.1.runs/project_1_axi_gpio_0_0_synth_1/dont_touch.xdc, line 9).
---------------------------------------------------------------------------------
Finished applying 'set_property' XDC Constraints : Time (s): cpu = 00:00:14 ; elapsed = 00:00:22 . Memory (MB): peak = 2918.305 ; gain = 255.371 ; free physical = 54063 ; free virtual = 362479
---------------------------------------------------------------------------------
INFO: [Synth 8-802] inferred FSM for state register 'state_reg' in module 'slave_attachment'
---------------------------------------------------------------------------------------------------
                   State |                     New Encoding |                Previous Encoding 
---------------------------------------------------------------------------------------------------
                 iSTATE2 |                             0001 |                               00
                  iSTATE |                             0010 |                               01
                 iSTATE0 |                             0100 |                               10
                 iSTATE1 |                             1000 |                               11
---------------------------------------------------------------------------------------------------
INFO: [Synth 8-3354] encoded FSM with state register 'state_reg' using encoding 'one-hot' in module 'slave_attachment'
---------------------------------------------------------------------------------
Finished RTL Optimization Phase 2 : Time (s): cpu = 00:00:14 ; elapsed = 00:00:22 . Memory (MB): peak = 2918.305 ; gain = 255.371 ; free physical = 54058 ; free virtual = 362475
---------------------------------------------------------------------------------
---------------------------------------------------------------------------------
Start RTL Component Statistics 
---------------------------------------------------------------------------------
Detailed RTL Component Info : 
+---Adders : 
	   2 Input    4 Bit       Adders := 1     
+---Registers : 
	               32 Bit    Registers := 5     
	                9 Bit    Registers := 1     
	                4 Bit    Registers := 1     
	                2 Bit    Registers := 3     
	                1 Bit    Registers := 82    
+---Muxes : 
	   2 Input   32 Bit        Muxes := 2     
	   5 Input   32 Bit        Muxes := 1     
	   2 Input    9 Bit        Muxes := 1     
	   4 Input    4 Bit        Muxes := 1     
	   2 Input    4 Bit        Muxes := 5     
	   7 Input    2 Bit        Muxes := 1     
	   2 Input    2 Bit        Muxes := 2     
	   2 Input    1 Bit        Muxes := 43    
	   4 Input    1 Bit        Muxes := 3     
---------------------------------------------------------------------------------
Finished RTL Component Statistics 
---------------------------------------------------------------------------------
---------------------------------------------------------------------------------
Start Part Resource Summary
---------------------------------------------------------------------------------
Part Resources:
DSPs: 1728 (col length:144)
BRAMs: 624 (col length: RAMB18 144 RAMB36 72)
---------------------------------------------------------------------------------
Finished Part Resource Summary
---------------------------------------------------------------------------------
---------------------------------------------------------------------------------
Start Cross Boundary and Area Optimization
---------------------------------------------------------------------------------
---------------------------------------------------------------------------------
Finished Cross Boundary and Area Optimization : Time (s): cpu = 00:00:15 ; elapsed = 00:00:23 . Memory (MB): peak = 2918.305 ; gain = 255.371 ; free physical = 54045 ; free virtual = 362466
---------------------------------------------------------------------------------
---------------------------------------------------------------------------------
Start Applying XDC Timing Constraints
---------------------------------------------------------------------------------
---------------------------------------------------------------------------------
Finished Applying XDC Timing Constraints : Time (s): cpu = 00:00:40 ; elapsed = 00:01:25 . Memory (MB): peak = 3313.914 ; gain = 650.980 ; free physical = 53449 ; free virtual = 361871
---------------------------------------------------------------------------------
---------------------------------------------------------------------------------
Start Timing Optimization
---------------------------------------------------------------------------------
---------------------------------------------------------------------------------
Finished Timing Optimization : Time (s): cpu = 00:00:40 ; elapsed = 00:01:25 . Memory (MB): peak = 3323.930 ; gain = 660.996 ; free physical = 53448 ; free virtual = 361869
---------------------------------------------------------------------------------
---------------------------------------------------------------------------------
Start Technology Mapping
---------------------------------------------------------------------------------
---------------------------------------------------------------------------------
Finished Technology Mapping : Time (s): cpu = 00:00:40 ; elapsed = 00:01:25 . Memory (MB): peak = 3334.953 ; gain = 672.020 ; free physical = 53445 ; free virtual = 361866
---------------------------------------------------------------------------------
---------------------------------------------------------------------------------
Start IO Insertion
---------------------------------------------------------------------------------
---------------------------------------------------------------------------------
Start Flattening Before IO Insertion
---------------------------------------------------------------------------------
---------------------------------------------------------------------------------
Finished Flattening Before IO Insertion
---------------------------------------------------------------------------------
---------------------------------------------------------------------------------
Start Final Netlist Cleanup
---------------------------------------------------------------------------------
---------------------------------------------------------------------------------
Finished Final Netlist Cleanup
---------------------------------------------------------------------------------
---------------------------------------------------------------------------------
Finished IO Insertion : Time (s): cpu = 00:00:42 ; elapsed = 00:01:28 . Memory (MB): peak = 3340.891 ; gain = 677.957 ; free physical = 53447 ; free virtual = 361868
---------------------------------------------------------------------------------
---------------------------------------------------------------------------------
Start Renaming Generated Instances
---------------------------------------------------------------------------------
---------------------------------------------------------------------------------
Finished Renaming Generated Instances : Time (s): cpu = 00:00:42 ; elapsed = 00:01:28 . Memory (MB): peak = 3340.891 ; gain = 677.957 ; free physical = 53447 ; free virtual = 361868
---------------------------------------------------------------------------------
---------------------------------------------------------------------------------
Start Rebuilding User Hierarchy
---------------------------------------------------------------------------------
---------------------------------------------------------------------------------
Finished Rebuilding User Hierarchy : Time (s): cpu = 00:00:42 ; elapsed = 00:01:28 . Memory (MB): peak = 3340.891 ; gain = 677.957 ; free physical = 53447 ; free virtual = 361868
---------------------------------------------------------------------------------
---------------------------------------------------------------------------------
Start Renaming Generated Ports
---------------------------------------------------------------------------------
---------------------------------------------------------------------------------
Finished Renaming Generated Ports : Time (s): cpu = 00:00:42 ; elapsed = 00:01:28 . Memory (MB): peak = 3340.891 ; gain = 677.957 ; free physical = 53447 ; free virtual = 361868
---------------------------------------------------------------------------------
---------------------------------------------------------------------------------
Start Handling Custom Attributes
---------------------------------------------------------------------------------
---------------------------------------------------------------------------------
Finished Handling Custom Attributes : Time (s): cpu = 00:00:42 ; elapsed = 00:01:28 . Memory (MB): peak = 3340.891 ; gain = 677.957 ; free physical = 53447 ; free virtual = 361868
---------------------------------------------------------------------------------
---------------------------------------------------------------------------------
Start Renaming Generated Nets
---------------------------------------------------------------------------------
---------------------------------------------------------------------------------
Finished Renaming Generated Nets : Time (s): cpu = 00:00:42 ; elapsed = 00:01:28 . Memory (MB): peak = 3340.891 ; gain = 677.957 ; free physical = 53447 ; free virtual = 361868
---------------------------------------------------------------------------------
---------------------------------------------------------------------------------
Start Writing Synthesis Report
---------------------------------------------------------------------------------

Report BlackBoxes: 
+-+--------------+----------+
| |BlackBox name |Instances |
+-+--------------+----------+
+-+--------------+----------+

Report Cell Usage: 
+------+-----+------+
|      |Cell |Count |
+------+-----+------+
|1     |LUT1 |     2|
|2     |LUT2 |    10|
|3     |LUT3 |     7|
|4     |LUT4 |     7|
|5     |LUT5 |   107|
|6     |LUT6 |     7|
|7     |FDR  |   128|
|8     |FDRE |   221|
|9     |FDSE |    33|
+------+-----+------+
---------------------------------------------------------------------------------
Finished Writing Synthesis Report : Time (s): cpu = 00:00:42 ; elapsed = 00:01:28 . Memory (MB): peak = 3340.891 ; gain = 677.957 ; free physical = 53447 ; free virtual = 361868
---------------------------------------------------------------------------------
Synthesis finished with 0 errors, 0 critical warnings and 0 warnings.
Synthesis Optimization Runtime : Time (s): cpu = 00:00:37 ; elapsed = 00:01:18 . Memory (MB): peak = 3340.891 ; gain = 502.238 ; free physical = 53487 ; free virtual = 361909
Synthesis Optimization Complete : Time (s): cpu = 00:00:42 ; elapsed = 00:01:28 . Memory (MB): peak = 3340.898 ; gain = 677.957 ; free physical = 53487 ; free virtual = 361909
INFO: [Project 1-571] Translating synthesized netlist
Netlist sorting complete. Time (s): cpu = 00:00:04 ; elapsed = 00:00:00.01 . Memory (MB): peak = 3340.898 ; gain = 0.000 ; free physical = 53559 ; free virtual = 361980
INFO: [Netlist 29-17] Analyzing 128 Unisim elements for replacement
INFO: [Netlist 29-28] Unisim Transformation completed in 0 CPU seconds
INFO: [Project 1-570] Preparing netlist for logic optimization
INFO: [Opt 31-138] Pushed 0 inverter(s) to 0 load pin(s).
Netlist sorting complete. Time (s): cpu = 00:00:00 ; elapsed = 00:00:00 . Memory (MB): peak = 3404.625 ; gain = 0.000 ; free physical = 53489 ; free virtual = 361910
INFO: [Project 1-111] Unisim Transformation Summary:
  A total of 128 instances were transformed.
  FDR => FDRE: 128 instances

INFO: [Common 17-83] Releasing license: Synthesis
148 Infos, 1 Warnings, 0 Critical Warnings and 0 Errors encountered.
synth_design completed successfully
synth_design: Time (s): cpu = 00:00:57 ; elapsed = 00:01:52 . Memory (MB): peak = 3404.625 ; gain = 1289.227 ; free physical = 53626 ; free virtual = 362047
INFO: [Common 17-1381] The checkpoint '/home/ryftuser/chintan/darpa/vivado_new/hardware/xilinx-zcu106-2020.1/xilinx-zcu106-2020.1.runs/project_1_axi_gpio_0_0_synth_1/project_1_axi_gpio_0_0.dcp' has been generated.
WARNING: [Common 17-576] 'use_project_ipc' is deprecated. This option is deprecated and no longer used.
INFO: [Coretcl 2-1648] Added synthesis output to IP cache for IP project_1_axi_gpio_0_0, cache-ID = a60e995d960c61f2
INFO: [Coretcl 2-1174] Renamed 6 cell refs.
INFO: [Common 17-1381] The checkpoint '/home/ryftuser/chintan/darpa/vivado_new/hardware/xilinx-zcu106-2020.1/xilinx-zcu106-2020.1.runs/project_1_axi_gpio_0_0_synth_1/project_1_axi_gpio_0_0.dcp' has been generated.
INFO: [runtcl-4] Executing : report_utilization -file project_1_axi_gpio_0_0_utilization_synth.rpt -pb project_1_axi_gpio_0_0_utilization_synth.pb
INFO: [Common 17-206] Exiting Vivado at Wed Dec 16 11:03:25 2020...
